DEBUG GrayWizard123_TGBot Telegram Connection org.apache.http.impl.conn.CPool - Connection [id:80][route:{s}->https://api.telegram.org:443][state:null] expired @ Wed Sep 16 00:14:37 UZT 2020
DEBUG GrayWizard123_TGBot Telegram Connection org.apache.http.impl.conn.DefaultManagedHttpClientConnection - http-outgoing-80: Close connection
DEBUG GrayWizard123_TGBot Telegram Connection org.apache.http.impl.conn.PoolingHttpClientConnectionManager - Connection leased: [id: 81][route: {s}->https://api.telegram.org:443][total kept alive: 0; route allocated: 1 of 2; total allocated: 1 of 100]
DEBUG GrayWizard123_TGBot Telegram Connection org.apache.http.impl.execchain.MainClientExec - Opening connection {s}->https://api.telegram.org:443
DEBUG GrayWizard123_TGBot Telegram Connection org.apache.http.impl.conn.DefaultHttpClientConnectionOperator - Connecting to api.telegram.org/149.154.167.220:443
DEBUG GrayWizard123_TGBot Telegram Connection org.apache.http.conn.ssl.SSLConnectionSocketFactory - Connecting socket to api.telegram.org/149.154.167.220:443 with timeout 75000
DEBUG GrayWizard123_TGBot Telegram Connection org.apache.http.conn.ssl.SSLConnectionSocketFactory - Enabled protocols: [TLSv1, TLSv1.1, TLSv1.2]
DEBUG GrayWizard123_TGBot Telegram Connection org.apache.http.conn.ssl.SSLConnectionSocketFactory - Enabled cipher suites:[TLS_ECDHE_ECDSA_WITH_AES_256_CBC_SHA384, TLS_ECDHE_RSA_WITH_AES_256_CBC_SHA384, TLS_RSA_WITH_AES_256_CBC_SHA256, TLS_ECDH_ECDSA_WITH_AES_256_CBC_SHA384, TLS_ECDH_RSA_WITH_AES_256_CBC_SHA384, TLS_DHE_RSA_WITH_AES_256_CBC_SHA256, TLS_DHE_DSS_WITH_AES_256_CBC_SHA256, TLS_ECDHE_ECDSA_WITH_AES_256_CBC_SHA, TLS_ECDHE_RSA_WITH_AES_256_CBC_SHA, TLS_RSA_WITH_AES_256_CBC_SHA, TLS_ECDH_ECDSA_WITH_AES_256_CBC_SHA, TLS_ECDH_RSA_WITH_AES_256_CBC_SHA, TLS_DHE_RSA_WITH_AES_256_CBC_SHA, TLS_DHE_DSS_WITH_AES_256_CBC_SHA, TLS_ECDHE_ECDSA_WITH_AES_128_CBC_SHA256, TLS_ECDHE_RSA_WITH_AES_128_CBC_SHA256, TLS_RSA_WITH_AES_128_CBC_SHA256, TLS_ECDH_ECDSA_WITH_AES_128_CBC_SHA256, TLS_ECDH_RSA_WITH_AES_128_CBC_SHA256, TLS_DHE_RSA_WITH_AES_128_CBC_SHA256, TLS_DHE_DSS_WITH_AES_128_CBC_SHA256, TLS_ECDHE_ECDSA_WITH_AES_128_CBC_SHA, TLS_ECDHE_RSA_WITH_AES_128_CBC_SHA, TLS_RSA_WITH_AES_128_CBC_SHA, TLS_ECDH_ECDSA_WITH_AES_128_CBC_SHA, TLS_ECDH_RSA_WITH_AES_128_CBC_SHA, TLS_DHE_RSA_WITH_AES_128_CBC_SHA, TLS_DHE_DSS_WITH_AES_128_CBC_SHA, TLS_ECDHE_ECDSA_WITH_AES_256_GCM_SHA384, TLS_ECDHE_ECDSA_WITH_AES_128_GCM_SHA256, TLS_ECDHE_RSA_WITH_AES_256_GCM_SHA384, TLS_RSA_WITH_AES_256_GCM_SHA384, TLS_ECDH_ECDSA_WITH_AES_256_GCM_SHA384, TLS_ECDH_RSA_WITH_AES_256_GCM_SHA384, TLS_DHE_RSA_WITH_AES_256_GCM_SHA384, TLS_DHE_DSS_WITH_AES_256_GCM_SHA384, TLS_ECDHE_RSA_WITH_AES_128_GCM_SHA256, TLS_RSA_WITH_AES_128_GCM_SHA256, TLS_ECDH_ECDSA_WITH_AES_128_GCM_SHA256, TLS_ECDH_RSA_WITH_AES_128_GCM_SHA256, TLS_DHE_RSA_WITH_AES_128_GCM_SHA256, TLS_DHE_DSS_WITH_AES_128_GCM_SHA256, TLS_EMPTY_RENEGOTIATION_INFO_SCSV]
DEBUG GrayWizard123_TGBot Telegram Connection org.apache.http.conn.ssl.SSLConnectionSocketFactory - Starting handshake
DEBUG GrayWizard123_TGBot Telegram Connection org.apache.http.conn.ssl.SSLConnectionSocketFactory - Secure session established
DEBUG GrayWizard123_TGBot Telegram Connection org.apache.http.conn.ssl.SSLConnectionSocketFactory -  negotiated protocol: TLSv1.2
DEBUG GrayWizard123_TGBot Telegram Connection org.apache.http.conn.ssl.SSLConnectionSocketFactory -  negotiated cipher suite: TLS_ECDHE_RSA_WITH_AES_128_GCM_SHA256
DEBUG GrayWizard123_TGBot Telegram Connection org.apache.http.conn.ssl.SSLConnectionSocketFactory -  peer principal: CN=api.telegram.org, OU=Domain Control Validated
DEBUG GrayWizard123_TGBot Telegram Connection org.apache.http.conn.ssl.SSLConnectionSocketFactory -  peer alternative names: [api.telegram.org, www.api.telegram.org]
DEBUG GrayWizard123_TGBot Telegram Connection org.apache.http.conn.ssl.SSLConnectionSocketFactory -  issuer principal: CN=Go Daddy Secure Certificate Authority - G2, OU=http://certs.godaddy.com/repository/, O="GoDaddy.com, Inc.", L=Scottsdale, ST=Arizona, C=US
DEBUG GrayWizard123_TGBot Telegram Connection org.apache.http.impl.conn.DefaultHttpClientConnectionOperator - Connection established 192.168.31.12:64155<->149.154.167.220:443
DEBUG GrayWizard123_TGBot Telegram Connection org.apache.http.impl.conn.DefaultManagedHttpClientConnection - http-outgoing-81: set socket timeout to 75000
DEBUG GrayWizard123_TGBot Telegram Connection org.apache.http.impl.execchain.MainClientExec - Executing request POST /bot1292931141:AAEVwqEcw9OOU9KFVbPDqgz7Se6yUAlVpkk/getupdates HTTP/1.1
DEBUG GrayWizard123_TGBot Telegram Connection org.apache.http.impl.execchain.MainClientExec - Target auth state: UNCHALLENGED
DEBUG GrayWizard123_TGBot Telegram Connection org.apache.http.impl.execchain.MainClientExec - Proxy auth state: UNCHALLENGED
DEBUG GrayWizard123_TGBot Telegram Connection org.apache.http.headers - http-outgoing-81 >> POST /bot1292931141:AAEVwqEcw9OOU9KFVbPDqgz7Se6yUAlVpkk/getupdates HTTP/1.1
DEBUG GrayWizard123_TGBot Telegram Connection org.apache.http.headers - http-outgoing-81 >> charset: UTF-8
DEBUG GrayWizard123_TGBot Telegram Connection org.apache.http.headers - http-outgoing-81 >> Content-Length: 59
DEBUG GrayWizard123_TGBot Telegram Connection org.apache.http.headers - http-outgoing-81 >> Content-Type: application/json; charset=UTF-8
DEBUG GrayWizard123_TGBot Telegram Connection org.apache.http.headers - http-outgoing-81 >> Host: api.telegram.org
DEBUG GrayWizard123_TGBot Telegram Connection org.apache.http.headers - http-outgoing-81 >> Connection: Keep-Alive
DEBUG GrayWizard123_TGBot Telegram Connection org.apache.http.headers - http-outgoing-81 >> User-Agent: Apache-HttpClient/4.5.10 (Java/1.8.0_251)
DEBUG GrayWizard123_TGBot Telegram Connection org.apache.http.headers - http-outgoing-81 >> Accept-Encoding: gzip,deflate
DEBUG GrayWizard123_TGBot Telegram Connection org.apache.http.wire - http-outgoing-81 >> "POST /bot1292931141:AAEVwqEcw9OOU9KFVbPDqgz7Se6yUAlVpkk/getupdates HTTP/1.1[\r][\n]"
DEBUG GrayWizard123_TGBot Telegram Connection org.apache.http.wire - http-outgoing-81 >> "charset: UTF-8[\r][\n]"
DEBUG GrayWizard123_TGBot Telegram Connection org.apache.http.wire - http-outgoing-81 >> "Content-Length: 59[\r][\n]"
DEBUG GrayWizard123_TGBot Telegram Connection org.apache.http.wire - http-outgoing-81 >> "Content-Type: application/json; charset=UTF-8[\r][\n]"
DEBUG GrayWizard123_TGBot Telegram Connection org.apache.http.wire - http-outgoing-81 >> "Host: api.telegram.org[\r][\n]"
DEBUG GrayWizard123_TGBot Telegram Connection org.apache.http.wire - http-outgoing-81 >> "Connection: Keep-Alive[\r][\n]"
DEBUG GrayWizard123_TGBot Telegram Connection org.apache.http.wire - http-outgoing-81 >> "User-Agent: Apache-HttpClient/4.5.10 (Java/1.8.0_251)[\r][\n]"
DEBUG GrayWizard123_TGBot Telegram Connection org.apache.http.wire - http-outgoing-81 >> "Accept-Encoding: gzip,deflate[\r][\n]"
DEBUG GrayWizard123_TGBot Telegram Connection org.apache.http.wire - http-outgoing-81 >> "[\r][\n]"
DEBUG GrayWizard123_TGBot Telegram Connection org.apache.http.wire - http-outgoing-81 >> "{"offset":1,"limit":100,"timeout":50,"method":"getupdates"}"
DEBUG GrayWizard123_TGBot Telegram Connection org.apache.http.wire - http-outgoing-81 << "HTTP/1.1 200 OK[\r][\n]"
DEBUG GrayWizard123_TGBot Telegram Connection org.apache.http.wire - http-outgoing-81 << "Server: nginx/1.16.1[\r][\n]"
DEBUG GrayWizard123_TGBot Telegram Connection org.apache.http.wire - http-outgoing-81 << "Date: Tue, 15 Sep 2020 19:16:03 GMT[\r][\n]"
DEBUG GrayWizard123_TGBot Telegram Connection org.apache.http.wire - http-outgoing-81 << "Content-Type: application/json[\r][\n]"
DEBUG GrayWizard123_TGBot Telegram Connection org.apache.http.wire - http-outgoing-81 << "Content-Length: 23[\r][\n]"
DEBUG GrayWizard123_TGBot Telegram Connection org.apache.http.wire - http-outgoing-81 << "Connection: keep-alive[\r][\n]"
DEBUG GrayWizard123_TGBot Telegram Connection org.apache.http.wire - http-outgoing-81 << "Strict-Transport-Security: max-age=31536000; includeSubDomains; preload[\r][\n]"
DEBUG GrayWizard123_TGBot Telegram Connection org.apache.http.wire - http-outgoing-81 << "Access-Control-Allow-Origin: *[\r][\n]"
DEBUG GrayWizard123_TGBot Telegram Connection org.apache.http.wire - http-outgoing-81 << "Access-Control-Allow-Methods: GET, POST, OPTIONS[\r][\n]"
DEBUG GrayWizard123_TGBot Telegram Connection org.apache.http.wire - http-outgoing-81 << "Access-Control-Expose-Headers: Content-Length,Content-Type,Date,Server,Connection[\r][\n]"
DEBUG GrayWizard123_TGBot Telegram Connection org.apache.http.wire - http-outgoing-81 << "[\r][\n]"
DEBUG GrayWizard123_TGBot Telegram Connection org.apache.http.wire - http-outgoing-81 << "{"ok":true,"result":[]}"
DEBUG GrayWizard123_TGBot Telegram Connection org.apache.http.headers - http-outgoing-81 << HTTP/1.1 200 OK
DEBUG GrayWizard123_TGBot Telegram Connection org.apache.http.headers - http-outgoing-81 << Server: nginx/1.16.1
DEBUG GrayWizard123_TGBot Telegram Connection org.apache.http.headers - http-outgoing-81 << Date: Tue, 15 Sep 2020 19:16:03 GMT
DEBUG GrayWizard123_TGBot Telegram Connection org.apache.http.headers - http-outgoing-81 << Content-Type: application/json
DEBUG GrayWizard123_TGBot Telegram Connection org.apache.http.headers - http-outgoing-81 << Content-Length: 23
DEBUG GrayWizard123_TGBot Telegram Connection org.apache.http.headers - http-outgoing-81 << Connection: keep-alive
DEBUG GrayWizard123_TGBot Telegram Connection org.apache.http.headers - http-outgoing-81 << Strict-Transport-Security: max-age=31536000; includeSubDomains; preload
DEBUG GrayWizard123_TGBot Telegram Connection org.apache.http.headers - http-outgoing-81 << Access-Control-Allow-Origin: *
DEBUG GrayWizard123_TGBot Telegram Connection org.apache.http.headers - http-outgoing-81 << Access-Control-Allow-Methods: GET, POST, OPTIONS
DEBUG GrayWizard123_TGBot Telegram Connection org.apache.http.headers - http-outgoing-81 << Access-Control-Expose-Headers: Content-Length,Content-Type,Date,Server,Connection
DEBUG GrayWizard123_TGBot Telegram Connection org.apache.http.impl.execchain.MainClientExec - Connection can be kept alive indefinitely
DEBUG GrayWizard123_TGBot Telegram Connection org.apache.http.impl.conn.PoolingHttpClientConnectionManager - Connection [id: 81][route: {s}->https://api.telegram.org:443] can be kept alive indefinitely
DEBUG GrayWizard123_TGBot Telegram Connection org.apache.http.impl.conn.DefaultManagedHttpClientConnection - http-outgoing-81: set socket timeout to 0
DEBUG GrayWizard123_TGBot Telegram Connection org.apache.http.impl.conn.PoolingHttpClientConnectionManager - Connection released: [id: 81][route: {s}->https://api.telegram.org:443][total kept alive: 1; route allocated: 1 of 2; total allocated: 1 of 100]
DEBUG GrayWizard123_TGBot Telegram Connection org.apache.http.client.protocol.RequestAddCookies - CookieSpec selected: default
DEBUG GrayWizard123_TGBot Telegram Connection org.apache.http.client.protocol.RequestAuthCache - Auth cache not set in the context
DEBUG GrayWizard123_TGBot Telegram Connection org.apache.http.impl.conn.PoolingHttpClientConnectionManager - Connection request: [route: {s}->https://api.telegram.org:443][total kept alive: 1; route allocated: 1 of 2; total allocated: 1 of 100]
DEBUG GrayWizard123_TGBot Telegram Connection org.apache.http.impl.conn.PoolingHttpClientConnectionManager - Connection leased: [id: 81][route: {s}->https://api.telegram.org:443][total kept alive: 0; route allocated: 1 of 2; total allocated: 1 of 100]
DEBUG GrayWizard123_TGBot Telegram Connection org.apache.http.impl.conn.DefaultManagedHttpClientConnection - http-outgoing-81: set socket timeout to 0
DEBUG GrayWizard123_TGBot Telegram Connection org.apache.http.impl.conn.DefaultManagedHttpClientConnection - http-outgoing-81: set socket timeout to 75000
DEBUG GrayWizard123_TGBot Telegram Connection org.apache.http.impl.execchain.MainClientExec - Executing request POST /bot1292931141:AAEVwqEcw9OOU9KFVbPDqgz7Se6yUAlVpkk/getupdates HTTP/1.1
DEBUG GrayWizard123_TGBot Telegram Connection org.apache.http.impl.execchain.MainClientExec - Target auth state: UNCHALLENGED
DEBUG GrayWizard123_TGBot Telegram Connection org.apache.http.impl.execchain.MainClientExec - Proxy auth state: UNCHALLENGED
DEBUG GrayWizard123_TGBot Telegram Connection org.apache.http.headers - http-outgoing-81 >> POST /bot1292931141:AAEVwqEcw9OOU9KFVbPDqgz7Se6yUAlVpkk/getupdates HTTP/1.1
DEBUG GrayWizard123_TGBot Telegram Connection org.apache.http.headers - http-outgoing-81 >> charset: UTF-8
DEBUG GrayWizard123_TGBot Telegram Connection org.apache.http.headers - http-outgoing-81 >> Content-Length: 59
DEBUG GrayWizard123_TGBot Telegram Connection org.apache.http.headers - http-outgoing-81 >> Content-Type: application/json; charset=UTF-8
DEBUG GrayWizard123_TGBot Telegram Connection org.apache.http.headers - http-outgoing-81 >> Host: api.telegram.org
DEBUG GrayWizard123_TGBot Telegram Connection org.apache.http.headers - http-outgoing-81 >> Connection: Keep-Alive
DEBUG GrayWizard123_TGBot Telegram Connection org.apache.http.headers - http-outgoing-81 >> User-Agent: Apache-HttpClient/4.5.10 (Java/1.8.0_251)
DEBUG GrayWizard123_TGBot Telegram Connection org.apache.http.headers - http-outgoing-81 >> Accept-Encoding: gzip,deflate
DEBUG GrayWizard123_TGBot Telegram Connection org.apache.http.wire - http-outgoing-81 >> "POST /bot1292931141:AAEVwqEcw9OOU9KFVbPDqgz7Se6yUAlVpkk/getupdates HTTP/1.1[\r][\n]"
DEBUG GrayWizard123_TGBot Telegram Connection org.apache.http.wire - http-outgoing-81 >> "charset: UTF-8[\r][\n]"
DEBUG GrayWizard123_TGBot Telegram Connection org.apache.http.wire - http-outgoing-81 >> "Content-Length: 59[\r][\n]"
DEBUG GrayWizard123_TGBot Telegram Connection org.apache.http.wire - http-outgoing-81 >> "Content-Type: application/json; charset=UTF-8[\r][\n]"
DEBUG GrayWizard123_TGBot Telegram Connection org.apache.http.wire - http-outgoing-81 >> "Host: api.telegram.org[\r][\n]"
DEBUG GrayWizard123_TGBot Telegram Connection org.apache.http.wire - http-outgoing-81 >> "Connection: Keep-Alive[\r][\n]"
DEBUG GrayWizard123_TGBot Telegram Connection org.apache.http.wire - http-outgoing-81 >> "User-Agent: Apache-HttpClient/4.5.10 (Java/1.8.0_251)[\r][\n]"
DEBUG GrayWizard123_TGBot Telegram Connection org.apache.http.wire - http-outgoing-81 >> "Accept-Encoding: gzip,deflate[\r][\n]"
DEBUG GrayWizard123_TGBot Telegram Connection org.apache.http.wire - http-outgoing-81 >> "[\r][\n]"
DEBUG GrayWizard123_TGBot Telegram Connection org.apache.http.wire - http-outgoing-81 >> "{"offset":1,"limit":100,"timeout":50,"method":"getupdates"}"
DEBUG GrayWizard123_TGBot Telegram Connection org.apache.http.wire - http-outgoing-81 << "HTTP/1.1 200 OK[\r][\n]"
DEBUG GrayWizard123_TGBot Telegram Connection org.apache.http.wire - http-outgoing-81 << "Server: nginx/1.16.1[\r][\n]"
DEBUG GrayWizard123_TGBot Telegram Connection org.apache.http.wire - http-outgoing-81 << "Date: Tue, 15 Sep 2020 19:16:53 GMT[\r][\n]"
DEBUG GrayWizard123_TGBot Telegram Connection org.apache.http.wire - http-outgoing-81 << "Content-Type: application/json[\r][\n]"
DEBUG GrayWizard123_TGBot Telegram Connection org.apache.http.wire - http-outgoing-81 << "Content-Length: 23[\r][\n]"
DEBUG GrayWizard123_TGBot Telegram Connection org.apache.http.wire - http-outgoing-81 << "Connection: keep-alive[\r][\n]"
DEBUG GrayWizard123_TGBot Telegram Connection org.apache.http.wire - http-outgoing-81 << "Strict-Transport-Security: max-age=31536000; includeSubDomains; preload[\r][\n]"
DEBUG GrayWizard123_TGBot Telegram Connection org.apache.http.wire - http-outgoing-81 << "Access-Control-Allow-Origin: *[\r][\n]"
DEBUG GrayWizard123_TGBot Telegram Connection org.apache.http.wire - http-outgoing-81 << "Access-Control-Allow-Methods: GET, POST, OPTIONS[\r][\n]"
DEBUG GrayWizard123_TGBot Telegram Connection org.apache.http.wire - http-outgoing-81 << "Access-Control-Expose-Headers: Content-Length,Content-Type,Date,Server,Connection[\r][\n]"
DEBUG GrayWizard123_TGBot Telegram Connection org.apache.http.wire - http-outgoing-81 << "[\r][\n]"
DEBUG GrayWizard123_TGBot Telegram Connection org.apache.http.wire - http-outgoing-81 << "{"ok":true,"result":[]}"
DEBUG GrayWizard123_TGBot Telegram Connection org.apache.http.headers - http-outgoing-81 << HTTP/1.1 200 OK
DEBUG GrayWizard123_TGBot Telegram Connection org.apache.http.headers - http-outgoing-81 << Server: nginx/1.16.1
DEBUG GrayWizard123_TGBot Telegram Connection org.apache.http.headers - http-outgoing-81 << Date: Tue, 15 Sep 2020 19:16:53 GMT
DEBUG GrayWizard123_TGBot Telegram Connection org.apache.http.headers - http-outgoing-81 << Content-Type: application/json
DEBUG GrayWizard123_TGBot Telegram Connection org.apache.http.headers - http-outgoing-81 << Content-Length: 23
DEBUG GrayWizard123_TGBot Telegram Connection org.apache.http.headers - http-outgoing-81 << Connection: keep-alive
DEBUG GrayWizard123_TGBot Telegram Connection org.apache.http.headers - http-outgoing-81 << Strict-Transport-Security: max-age=31536000; includeSubDomains; preload
DEBUG GrayWizard123_TGBot Telegram Connection org.apache.http.headers - http-outgoing-81 << Access-Control-Allow-Origin: *
DEBUG GrayWizard123_TGBot Telegram Connection org.apache.http.headers - http-outgoing-81 << Access-Control-Allow-Methods: GET, POST, OPTIONS
DEBUG GrayWizard123_TGBot Telegram Connection org.apache.http.headers - http-outgoing-81 << Access-Control-Expose-Headers: Content-Length,Content-Type,Date,Server,Connection
DEBUG GrayWizard123_TGBot Telegram Connection org.apache.http.impl.execchain.MainClientExec - Connection can be kept alive indefinitely
DEBUG GrayWizard123_TGBot Telegram Connection org.apache.http.impl.conn.PoolingHttpClientConnectionManager - Connection [id: 81][route: {s}->https://api.telegram.org:443] can be kept alive indefinitely
DEBUG GrayWizard123_TGBot Telegram Connection org.apache.http.impl.conn.DefaultManagedHttpClientConnection - http-outgoing-81: set socket timeout to 0
DEBUG GrayWizard123_TGBot Telegram Connection org.apache.http.impl.conn.PoolingHttpClientConnectionManager - Connection released: [id: 81][route: {s}->https://api.telegram.org:443][total kept alive: 1; route allocated: 1 of 2; total allocated: 1 of 100]
DEBUG GrayWizard123_TGBot Telegram Connection org.apache.http.client.protocol.RequestAddCookies - CookieSpec selected: default
DEBUG GrayWizard123_TGBot Telegram Connection org.apache.http.client.protocol.RequestAuthCache - Auth cache not set in the context
DEBUG GrayWizard123_TGBot Telegram Connection org.apache.http.impl.conn.PoolingHttpClientConnectionManager - Connection request: [route: {s}->https://api.telegram.org:443][total kept alive: 1; route allocated: 1 of 2; total allocated: 1 of 100]
DEBUG GrayWizard123_TGBot Telegram Connection org.apache.http.impl.conn.CPool - Connection [id:81][route:{s}->https://api.telegram.org:443][state:null] expired @ Wed Sep 16 00:16:19 UZT 2020
DEBUG GrayWizard123_TGBot Telegram Connection org.apache.http.impl.conn.DefaultManagedHttpClientConnection - http-outgoing-81: Close connection
DEBUG GrayWizard123_TGBot Telegram Connection org.apache.http.impl.conn.PoolingHttpClientConnectionManager - Connection leased: [id: 82][route: {s}->https://api.telegram.org:443][total kept alive: 0; route allocated: 1 of 2; total allocated: 1 of 100]
DEBUG GrayWizard123_TGBot Telegram Connection org.apache.http.impl.execchain.MainClientExec - Opening connection {s}->https://api.telegram.org:443
DEBUG GrayWizard123_TGBot Telegram Connection org.apache.http.impl.conn.DefaultHttpClientConnectionOperator - Connecting to api.telegram.org/149.154.167.220:443
DEBUG GrayWizard123_TGBot Telegram Connection org.apache.http.conn.ssl.SSLConnectionSocketFactory - Connecting socket to api.telegram.org/149.154.167.220:443 with timeout 75000
DEBUG GrayWizard123_TGBot Telegram Connection org.apache.http.conn.ssl.SSLConnectionSocketFactory - Enabled protocols: [TLSv1, TLSv1.1, TLSv1.2]
DEBUG GrayWizard123_TGBot Telegram Connection org.apache.http.conn.ssl.SSLConnectionSocketFactory - Enabled cipher suites:[TLS_ECDHE_ECDSA_WITH_AES_256_CBC_SHA384, TLS_ECDHE_RSA_WITH_AES_256_CBC_SHA384, TLS_RSA_WITH_AES_256_CBC_SHA256, TLS_ECDH_ECDSA_WITH_AES_256_CBC_SHA384, TLS_ECDH_RSA_WITH_AES_256_CBC_SHA384, TLS_DHE_RSA_WITH_AES_256_CBC_SHA256, TLS_DHE_DSS_WITH_AES_256_CBC_SHA256, TLS_ECDHE_ECDSA_WITH_AES_256_CBC_SHA, TLS_ECDHE_RSA_WITH_AES_256_CBC_SHA, TLS_RSA_WITH_AES_256_CBC_SHA, TLS_ECDH_ECDSA_WITH_AES_256_CBC_SHA, TLS_ECDH_RSA_WITH_AES_256_CBC_SHA, TLS_DHE_RSA_WITH_AES_256_CBC_SHA, TLS_DHE_DSS_WITH_AES_256_CBC_SHA, TLS_ECDHE_ECDSA_WITH_AES_128_CBC_SHA256, TLS_ECDHE_RSA_WITH_AES_128_CBC_SHA256, TLS_RSA_WITH_AES_128_CBC_SHA256, TLS_ECDH_ECDSA_WITH_AES_128_CBC_SHA256, TLS_ECDH_RSA_WITH_AES_128_CBC_SHA256, TLS_DHE_RSA_WITH_AES_128_CBC_SHA256, TLS_DHE_DSS_WITH_AES_128_CBC_SHA256, TLS_ECDHE_ECDSA_WITH_AES_128_CBC_SHA, TLS_ECDHE_RSA_WITH_AES_128_CBC_SHA, TLS_RSA_WITH_AES_128_CBC_SHA, TLS_ECDH_ECDSA_WITH_AES_128_CBC_SHA, TLS_ECDH_RSA_WITH_AES_128_CBC_SHA, TLS_DHE_RSA_WITH_AES_128_CBC_SHA, TLS_DHE_DSS_WITH_AES_128_CBC_SHA, TLS_ECDHE_ECDSA_WITH_AES_256_GCM_SHA384, TLS_ECDHE_ECDSA_WITH_AES_128_GCM_SHA256, TLS_ECDHE_RSA_WITH_AES_256_GCM_SHA384, TLS_RSA_WITH_AES_256_GCM_SHA384, TLS_ECDH_ECDSA_WITH_AES_256_GCM_SHA384, TLS_ECDH_RSA_WITH_AES_256_GCM_SHA384, TLS_DHE_RSA_WITH_AES_256_GCM_SHA384, TLS_DHE_DSS_WITH_AES_256_GCM_SHA384, TLS_ECDHE_RSA_WITH_AES_128_GCM_SHA256, TLS_RSA_WITH_AES_128_GCM_SHA256, TLS_ECDH_ECDSA_WITH_AES_128_GCM_SHA256, TLS_ECDH_RSA_WITH_AES_128_GCM_SHA256, TLS_DHE_RSA_WITH_AES_128_GCM_SHA256, TLS_DHE_DSS_WITH_AES_128_GCM_SHA256, TLS_EMPTY_RENEGOTIATION_INFO_SCSV]
DEBUG GrayWizard123_TGBot Telegram Connection org.apache.http.conn.ssl.SSLConnectionSocketFactory - Starting handshake
DEBUG GrayWizard123_TGBot Telegram Connection org.apache.http.conn.ssl.SSLConnectionSocketFactory - Secure session established
DEBUG GrayWizard123_TGBot Telegram Connection org.apache.http.conn.ssl.SSLConnectionSocketFactory -  negotiated protocol: TLSv1.2
DEBUG GrayWizard123_TGBot Telegram Connection org.apache.http.conn.ssl.SSLConnectionSocketFactory -  negotiated cipher suite: TLS_ECDHE_RSA_WITH_AES_128_GCM_SHA256
DEBUG GrayWizard123_TGBot Telegram Connection org.apache.http.conn.ssl.SSLConnectionSocketFactory -  peer principal: CN=api.telegram.org, OU=Domain Control Validated
DEBUG GrayWizard123_TGBot Telegram Connection org.apache.http.conn.ssl.SSLConnectionSocketFactory -  peer alternative names: [api.telegram.org, www.api.telegram.org]
DEBUG GrayWizard123_TGBot Telegram Connection org.apache.http.conn.ssl.SSLConnectionSocketFactory -  issuer principal: CN=Go Daddy Secure Certificate Authority - G2, OU=http://certs.godaddy.com/repository/, O="GoDaddy.com, Inc.", L=Scottsdale, ST=Arizona, C=US
DEBUG GrayWizard123_TGBot Telegram Connection org.apache.http.impl.conn.DefaultHttpClientConnectionOperator - Connection established 192.168.31.12:64164<->149.154.167.220:443
DEBUG GrayWizard123_TGBot Telegram Connection org.apache.http.impl.conn.DefaultManagedHttpClientConnection - http-outgoing-82: set socket timeout to 75000
DEBUG GrayWizard123_TGBot Telegram Connection org.apache.http.impl.execchain.MainClientExec - Executing request POST /bot1292931141:AAEVwqEcw9OOU9KFVbPDqgz7Se6yUAlVpkk/getupdates HTTP/1.1
DEBUG GrayWizard123_TGBot Telegram Connection org.apache.http.impl.execchain.MainClientExec - Target auth state: UNCHALLENGED
DEBUG GrayWizard123_TGBot Telegram Connection org.apache.http.impl.execchain.MainClientExec - Proxy auth state: UNCHALLENGED
DEBUG GrayWizard123_TGBot Telegram Connection org.apache.http.headers - http-outgoing-82 >> POST /bot1292931141:AAEVwqEcw9OOU9KFVbPDqgz7Se6yUAlVpkk/getupdates HTTP/1.1
DEBUG GrayWizard123_TGBot Telegram Connection org.apache.http.headers - http-outgoing-82 >> charset: UTF-8
DEBUG GrayWizard123_TGBot Telegram Connection org.apache.http.headers - http-outgoing-82 >> Content-Length: 59
DEBUG GrayWizard123_TGBot Telegram Connection org.apache.http.headers - http-outgoing-82 >> Content-Type: application/json; charset=UTF-8
DEBUG GrayWizard123_TGBot Telegram Connection org.apache.http.headers - http-outgoing-82 >> Host: api.telegram.org
DEBUG GrayWizard123_TGBot Telegram Connection org.apache.http.headers - http-outgoing-82 >> Connection: Keep-Alive
DEBUG GrayWizard123_TGBot Telegram Connection org.apache.http.headers - http-outgoing-82 >> User-Agent: Apache-HttpClient/4.5.10 (Java/1.8.0_251)
DEBUG GrayWizard123_TGBot Telegram Connection org.apache.http.headers - http-outgoing-82 >> Accept-Encoding: gzip,deflate
DEBUG GrayWizard123_TGBot Telegram Connection org.apache.http.wire - http-outgoing-82 >> "POST /bot1292931141:AAEVwqEcw9OOU9KFVbPDqgz7Se6yUAlVpkk/getupdates HTTP/1.1[\r][\n]"
DEBUG GrayWizard123_TGBot Telegram Connection org.apache.http.wire - http-outgoing-82 >> "charset: UTF-8[\r][\n]"
DEBUG GrayWizard123_TGBot Telegram Connection org.apache.http.wire - http-outgoing-82 >> "Content-Length: 59[\r][\n]"
DEBUG GrayWizard123_TGBot Telegram Connection org.apache.http.wire - http-outgoing-82 >> "Content-Type: application/json; charset=UTF-8[\r][\n]"
DEBUG GrayWizard123_TGBot Telegram Connection org.apache.http.wire - http-outgoing-82 >> "Host: api.telegram.org[\r][\n]"
DEBUG GrayWizard123_TGBot Telegram Connection org.apache.http.wire - http-outgoing-82 >> "Connection: Keep-Alive[\r][\n]"
DEBUG GrayWizard123_TGBot Telegram Connection org.apache.http.wire - http-outgoing-82 >> "User-Agent: Apache-HttpClient/4.5.10 (Java/1.8.0_251)[\r][\n]"
DEBUG GrayWizard123_TGBot Telegram Connection org.apache.http.wire - http-outgoing-82 >> "Accept-Encoding: gzip,deflate[\r][\n]"
DEBUG GrayWizard123_TGBot Telegram Connection org.apache.http.wire - http-outgoing-82 >> "[\r][\n]"
DEBUG GrayWizard123_TGBot Telegram Connection org.apache.http.wire - http-outgoing-82 >> "{"offset":1,"limit":100,"timeout":50,"method":"getupdates"}"
DEBUG main TGBot - Initializing database manager
DEBUG main TGBot - Creating users
INFO main TGBot - users was created
DEBUG main TGBot - Creating mealModels
INFO main TGBot - mealModels was created
DEBUG main TGBot - Creating orderModels
INFO main TGBot - orderModels was created
DEBUG main TGBot - Creating categories
INFO main TGBot - categories was created
INFO main TGBot - Database manager initialized
DEBUG main TGBot - Creating telegram bot
DEBUG main org.apache.http.client.protocol.RequestAddCookies - CookieSpec selected: default
DEBUG main org.apache.http.client.protocol.RequestAuthCache - Auth cache not set in the context
DEBUG main org.apache.http.impl.conn.PoolingHttpClientConnectionManager - Connection request: [route: {s}->https://api.telegram.org:443][total kept alive: 0; route allocated: 0 of 2; total allocated: 0 of 100]
DEBUG main org.apache.http.impl.conn.PoolingHttpClientConnectionManager - Connection leased: [id: 0][route: {s}->https://api.telegram.org:443][total kept alive: 0; route allocated: 1 of 2; total allocated: 1 of 100]
DEBUG main org.apache.http.impl.execchain.MainClientExec - Opening connection {s}->https://api.telegram.org:443
DEBUG main org.apache.http.impl.conn.DefaultHttpClientConnectionOperator - Connecting to api.telegram.org/149.154.167.220:443
DEBUG main org.apache.http.conn.ssl.SSLConnectionSocketFactory - Connecting socket to api.telegram.org/149.154.167.220:443 with timeout 75000
DEBUG main org.apache.http.conn.ssl.SSLConnectionSocketFactory - Enabled protocols: [TLSv1, TLSv1.1, TLSv1.2]
DEBUG main org.apache.http.conn.ssl.SSLConnectionSocketFactory - Enabled cipher suites:[TLS_ECDHE_ECDSA_WITH_AES_256_CBC_SHA384, TLS_ECDHE_RSA_WITH_AES_256_CBC_SHA384, TLS_RSA_WITH_AES_256_CBC_SHA256, TLS_ECDH_ECDSA_WITH_AES_256_CBC_SHA384, TLS_ECDH_RSA_WITH_AES_256_CBC_SHA384, TLS_DHE_RSA_WITH_AES_256_CBC_SHA256, TLS_DHE_DSS_WITH_AES_256_CBC_SHA256, TLS_ECDHE_ECDSA_WITH_AES_256_CBC_SHA, TLS_ECDHE_RSA_WITH_AES_256_CBC_SHA, TLS_RSA_WITH_AES_256_CBC_SHA, TLS_ECDH_ECDSA_WITH_AES_256_CBC_SHA, TLS_ECDH_RSA_WITH_AES_256_CBC_SHA, TLS_DHE_RSA_WITH_AES_256_CBC_SHA, TLS_DHE_DSS_WITH_AES_256_CBC_SHA, TLS_ECDHE_ECDSA_WITH_AES_128_CBC_SHA256, TLS_ECDHE_RSA_WITH_AES_128_CBC_SHA256, TLS_RSA_WITH_AES_128_CBC_SHA256, TLS_ECDH_ECDSA_WITH_AES_128_CBC_SHA256, TLS_ECDH_RSA_WITH_AES_128_CBC_SHA256, TLS_DHE_RSA_WITH_AES_128_CBC_SHA256, TLS_DHE_DSS_WITH_AES_128_CBC_SHA256, TLS_ECDHE_ECDSA_WITH_AES_128_CBC_SHA, TLS_ECDHE_RSA_WITH_AES_128_CBC_SHA, TLS_RSA_WITH_AES_128_CBC_SHA, TLS_ECDH_ECDSA_WITH_AES_128_CBC_SHA, TLS_ECDH_RSA_WITH_AES_128_CBC_SHA, TLS_DHE_RSA_WITH_AES_128_CBC_SHA, TLS_DHE_DSS_WITH_AES_128_CBC_SHA, TLS_ECDHE_ECDSA_WITH_AES_256_GCM_SHA384, TLS_ECDHE_ECDSA_WITH_AES_128_GCM_SHA256, TLS_ECDHE_RSA_WITH_AES_256_GCM_SHA384, TLS_RSA_WITH_AES_256_GCM_SHA384, TLS_ECDH_ECDSA_WITH_AES_256_GCM_SHA384, TLS_ECDH_RSA_WITH_AES_256_GCM_SHA384, TLS_DHE_RSA_WITH_AES_256_GCM_SHA384, TLS_DHE_DSS_WITH_AES_256_GCM_SHA384, TLS_ECDHE_RSA_WITH_AES_128_GCM_SHA256, TLS_RSA_WITH_AES_128_GCM_SHA256, TLS_ECDH_ECDSA_WITH_AES_128_GCM_SHA256, TLS_ECDH_RSA_WITH_AES_128_GCM_SHA256, TLS_DHE_RSA_WITH_AES_128_GCM_SHA256, TLS_DHE_DSS_WITH_AES_128_GCM_SHA256, TLS_EMPTY_RENEGOTIATION_INFO_SCSV]
DEBUG main org.apache.http.conn.ssl.SSLConnectionSocketFactory - Starting handshake
DEBUG main org.apache.http.conn.ssl.SSLConnectionSocketFactory - Secure session established
DEBUG main org.apache.http.conn.ssl.SSLConnectionSocketFactory -  negotiated protocol: TLSv1.2
DEBUG main org.apache.http.conn.ssl.SSLConnectionSocketFactory -  negotiated cipher suite: TLS_ECDHE_RSA_WITH_AES_128_GCM_SHA256
DEBUG main org.apache.http.conn.ssl.SSLConnectionSocketFactory -  peer principal: CN=api.telegram.org, OU=Domain Control Validated
DEBUG main org.apache.http.conn.ssl.SSLConnectionSocketFactory -  peer alternative names: [api.telegram.org, www.api.telegram.org]
DEBUG main org.apache.http.conn.ssl.SSLConnectionSocketFactory -  issuer principal: CN=Go Daddy Secure Certificate Authority - G2, OU=http://certs.godaddy.com/repository/, O="GoDaddy.com, Inc.", L=Scottsdale, ST=Arizona, C=US
DEBUG main org.apache.http.impl.conn.DefaultHttpClientConnectionOperator - Connection established 192.168.31.12:64381<->149.154.167.220:443
DEBUG main org.apache.http.impl.conn.DefaultManagedHttpClientConnection - http-outgoing-0: set socket timeout to 75000
DEBUG main org.apache.http.impl.execchain.MainClientExec - Executing request POST /bot1292931141:AAEVwqEcw9OOU9KFVbPDqgz7Se6yUAlVpkk/deleteWebhook HTTP/1.1
DEBUG main org.apache.http.impl.execchain.MainClientExec - Target auth state: UNCHALLENGED
DEBUG main org.apache.http.impl.execchain.MainClientExec - Proxy auth state: UNCHALLENGED
DEBUG main org.apache.http.headers - http-outgoing-0 >> POST /bot1292931141:AAEVwqEcw9OOU9KFVbPDqgz7Se6yUAlVpkk/deleteWebhook HTTP/1.1
DEBUG main org.apache.http.headers - http-outgoing-0 >> charset: UTF-8
DEBUG main org.apache.http.headers - http-outgoing-0 >> Content-Length: 26
DEBUG main org.apache.http.headers - http-outgoing-0 >> Content-Type: application/json; charset=UTF-8
DEBUG main org.apache.http.headers - http-outgoing-0 >> Host: api.telegram.org
DEBUG main org.apache.http.headers - http-outgoing-0 >> Connection: Keep-Alive
DEBUG main org.apache.http.headers - http-outgoing-0 >> User-Agent: Apache-HttpClient/4.5.10 (Java/1.8.0_251)
DEBUG main org.apache.http.headers - http-outgoing-0 >> Accept-Encoding: gzip,deflate
DEBUG main org.apache.http.wire - http-outgoing-0 >> "POST /bot1292931141:AAEVwqEcw9OOU9KFVbPDqgz7Se6yUAlVpkk/deleteWebhook HTTP/1.1[\r][\n]"
DEBUG main org.apache.http.wire - http-outgoing-0 >> "charset: UTF-8[\r][\n]"
DEBUG main org.apache.http.wire - http-outgoing-0 >> "Content-Length: 26[\r][\n]"
DEBUG main org.apache.http.wire - http-outgoing-0 >> "Content-Type: application/json; charset=UTF-8[\r][\n]"
DEBUG main org.apache.http.wire - http-outgoing-0 >> "Host: api.telegram.org[\r][\n]"
DEBUG main org.apache.http.wire - http-outgoing-0 >> "Connection: Keep-Alive[\r][\n]"
DEBUG main org.apache.http.wire - http-outgoing-0 >> "User-Agent: Apache-HttpClient/4.5.10 (Java/1.8.0_251)[\r][\n]"
DEBUG main org.apache.http.wire - http-outgoing-0 >> "Accept-Encoding: gzip,deflate[\r][\n]"
DEBUG main org.apache.http.wire - http-outgoing-0 >> "[\r][\n]"
DEBUG main org.apache.http.wire - http-outgoing-0 >> "{"method":"deleteWebhook"}"
DEBUG main org.apache.http.wire - http-outgoing-0 << "HTTP/1.1 200 OK[\r][\n]"
DEBUG main org.apache.http.wire - http-outgoing-0 << "Server: nginx/1.16.1[\r][\n]"
DEBUG main org.apache.http.wire - http-outgoing-0 << "Date: Tue, 15 Sep 2020 20:30:59 GMT[\r][\n]"
DEBUG main org.apache.http.wire - http-outgoing-0 << "Content-Type: application/json[\r][\n]"
DEBUG main org.apache.http.wire - http-outgoing-0 << "Content-Length: 68[\r][\n]"
DEBUG main org.apache.http.wire - http-outgoing-0 << "Connection: keep-alive[\r][\n]"
DEBUG main org.apache.http.wire - http-outgoing-0 << "Strict-Transport-Security: max-age=31536000; includeSubDomains; preload[\r][\n]"
DEBUG main org.apache.http.wire - http-outgoing-0 << "Access-Control-Allow-Origin: *[\r][\n]"
DEBUG main org.apache.http.wire - http-outgoing-0 << "Access-Control-Allow-Methods: GET, POST, OPTIONS[\r][\n]"
DEBUG main org.apache.http.wire - http-outgoing-0 << "Access-Control-Expose-Headers: Content-Length,Content-Type,Date,Server,Connection[\r][\n]"
DEBUG main org.apache.http.wire - http-outgoing-0 << "[\r][\n]"
DEBUG main org.apache.http.wire - http-outgoing-0 << "{"ok":true,"result":true,"description":"Webhook is already deleted"}"
DEBUG main org.apache.http.headers - http-outgoing-0 << HTTP/1.1 200 OK
DEBUG main org.apache.http.headers - http-outgoing-0 << Server: nginx/1.16.1
DEBUG main org.apache.http.headers - http-outgoing-0 << Date: Tue, 15 Sep 2020 20:30:59 GMT
DEBUG main org.apache.http.headers - http-outgoing-0 << Content-Type: application/json
DEBUG main org.apache.http.headers - http-outgoing-0 << Content-Length: 68
DEBUG main org.apache.http.headers - http-outgoing-0 << Connection: keep-alive
DEBUG main org.apache.http.headers - http-outgoing-0 << Strict-Transport-Security: max-age=31536000; includeSubDomains; preload
DEBUG main org.apache.http.headers - http-outgoing-0 << Access-Control-Allow-Origin: *
DEBUG main org.apache.http.headers - http-outgoing-0 << Access-Control-Allow-Methods: GET, POST, OPTIONS
DEBUG main org.apache.http.headers - http-outgoing-0 << Access-Control-Expose-Headers: Content-Length,Content-Type,Date,Server,Connection
DEBUG main org.apache.http.impl.execchain.MainClientExec - Connection can be kept alive indefinitely
DEBUG main org.apache.http.impl.conn.PoolingHttpClientConnectionManager - Connection [id: 0][route: {s}->https://api.telegram.org:443] can be kept alive indefinitely
DEBUG main org.apache.http.impl.conn.DefaultManagedHttpClientConnection - http-outgoing-0: set socket timeout to 0
DEBUG main org.apache.http.impl.conn.PoolingHttpClientConnectionManager - Connection released: [id: 0][route: {s}->https://api.telegram.org:443][total kept alive: 1; route allocated: 1 of 2; total allocated: 1 of 100]
INFO main TGBot - Telegram bot created
DEBUG GrayWizard123_TGBot Telegram Connection org.apache.http.client.protocol.RequestAddCookies - CookieSpec selected: default
DEBUG GrayWizard123_TGBot Telegram Connection org.apache.http.client.protocol.RequestAuthCache - Auth cache not set in the context
DEBUG GrayWizard123_TGBot Telegram Connection org.apache.http.impl.conn.PoolingHttpClientConnectionManager - Connection request: [route: {s}->https://api.telegram.org:443][total kept alive: 0; route allocated: 0 of 2; total allocated: 0 of 100]
DEBUG GrayWizard123_TGBot Telegram Connection org.apache.http.impl.conn.PoolingHttpClientConnectionManager - Connection leased: [id: 1][route: {s}->https://api.telegram.org:443][total kept alive: 0; route allocated: 1 of 2; total allocated: 1 of 100]
DEBUG GrayWizard123_TGBot Telegram Connection org.apache.http.impl.execchain.MainClientExec - Opening connection {s}->https://api.telegram.org:443
DEBUG GrayWizard123_TGBot Telegram Connection org.apache.http.impl.conn.DefaultHttpClientConnectionOperator - Connecting to api.telegram.org/149.154.167.220:443
DEBUG GrayWizard123_TGBot Telegram Connection org.apache.http.conn.ssl.SSLConnectionSocketFactory - Connecting socket to api.telegram.org/149.154.167.220:443 with timeout 75000
DEBUG main TGBot - /layouts/category_add_ui.fxml loading
DEBUG GrayWizard123_TGBot Telegram Connection org.apache.http.conn.ssl.SSLConnectionSocketFactory - Enabled protocols: [TLSv1, TLSv1.1, TLSv1.2]
DEBUG GrayWizard123_TGBot Telegram Connection org.apache.http.conn.ssl.SSLConnectionSocketFactory - Enabled cipher suites:[TLS_ECDHE_ECDSA_WITH_AES_256_CBC_SHA384, TLS_ECDHE_RSA_WITH_AES_256_CBC_SHA384, TLS_RSA_WITH_AES_256_CBC_SHA256, TLS_ECDH_ECDSA_WITH_AES_256_CBC_SHA384, TLS_ECDH_RSA_WITH_AES_256_CBC_SHA384, TLS_DHE_RSA_WITH_AES_256_CBC_SHA256, TLS_DHE_DSS_WITH_AES_256_CBC_SHA256, TLS_ECDHE_ECDSA_WITH_AES_256_CBC_SHA, TLS_ECDHE_RSA_WITH_AES_256_CBC_SHA, TLS_RSA_WITH_AES_256_CBC_SHA, TLS_ECDH_ECDSA_WITH_AES_256_CBC_SHA, TLS_ECDH_RSA_WITH_AES_256_CBC_SHA, TLS_DHE_RSA_WITH_AES_256_CBC_SHA, TLS_DHE_DSS_WITH_AES_256_CBC_SHA, TLS_ECDHE_ECDSA_WITH_AES_128_CBC_SHA256, TLS_ECDHE_RSA_WITH_AES_128_CBC_SHA256, TLS_RSA_WITH_AES_128_CBC_SHA256, TLS_ECDH_ECDSA_WITH_AES_128_CBC_SHA256, TLS_ECDH_RSA_WITH_AES_128_CBC_SHA256, TLS_DHE_RSA_WITH_AES_128_CBC_SHA256, TLS_DHE_DSS_WITH_AES_128_CBC_SHA256, TLS_ECDHE_ECDSA_WITH_AES_128_CBC_SHA, TLS_ECDHE_RSA_WITH_AES_128_CBC_SHA, TLS_RSA_WITH_AES_128_CBC_SHA, TLS_ECDH_ECDSA_WITH_AES_128_CBC_SHA, TLS_ECDH_RSA_WITH_AES_128_CBC_SHA, TLS_DHE_RSA_WITH_AES_128_CBC_SHA, TLS_DHE_DSS_WITH_AES_128_CBC_SHA, TLS_ECDHE_ECDSA_WITH_AES_256_GCM_SHA384, TLS_ECDHE_ECDSA_WITH_AES_128_GCM_SHA256, TLS_ECDHE_RSA_WITH_AES_256_GCM_SHA384, TLS_RSA_WITH_AES_256_GCM_SHA384, TLS_ECDH_ECDSA_WITH_AES_256_GCM_SHA384, TLS_ECDH_RSA_WITH_AES_256_GCM_SHA384, TLS_DHE_RSA_WITH_AES_256_GCM_SHA384, TLS_DHE_DSS_WITH_AES_256_GCM_SHA384, TLS_ECDHE_RSA_WITH_AES_128_GCM_SHA256, TLS_RSA_WITH_AES_128_GCM_SHA256, TLS_ECDH_ECDSA_WITH_AES_128_GCM_SHA256, TLS_ECDH_RSA_WITH_AES_128_GCM_SHA256, TLS_DHE_RSA_WITH_AES_128_GCM_SHA256, TLS_DHE_DSS_WITH_AES_128_GCM_SHA256, TLS_EMPTY_RENEGOTIATION_INFO_SCSV]
DEBUG GrayWizard123_TGBot Telegram Connection org.apache.http.conn.ssl.SSLConnectionSocketFactory - Starting handshake
DEBUG main TGBot - /layouts/category_add_ui.fxml loaded
DEBUG main TGBot - /layouts/category_remove_ui.fxml loading
DEBUG main TGBot - /layouts/category_remove_ui.fxml loaded
DEBUG main TGBot - /layouts/main.fxml loading
DEBUG GrayWizard123_TGBot Telegram Connection org.apache.http.conn.ssl.SSLConnectionSocketFactory - Secure session established
DEBUG GrayWizard123_TGBot Telegram Connection org.apache.http.conn.ssl.SSLConnectionSocketFactory -  negotiated protocol: TLSv1.2
DEBUG GrayWizard123_TGBot Telegram Connection org.apache.http.conn.ssl.SSLConnectionSocketFactory -  negotiated cipher suite: TLS_ECDHE_RSA_WITH_AES_128_GCM_SHA256
DEBUG GrayWizard123_TGBot Telegram Connection org.apache.http.conn.ssl.SSLConnectionSocketFactory -  peer principal: CN=api.telegram.org, OU=Domain Control Validated
DEBUG GrayWizard123_TGBot Telegram Connection org.apache.http.conn.ssl.SSLConnectionSocketFactory -  peer alternative names: [api.telegram.org, www.api.telegram.org]
DEBUG GrayWizard123_TGBot Telegram Connection org.apache.http.conn.ssl.SSLConnectionSocketFactory -  issuer principal: CN=Go Daddy Secure Certificate Authority - G2, OU=http://certs.godaddy.com/repository/, O="GoDaddy.com, Inc.", L=Scottsdale, ST=Arizona, C=US
DEBUG GrayWizard123_TGBot Telegram Connection org.apache.http.impl.conn.DefaultHttpClientConnectionOperator - Connection established 192.168.31.12:64382<->149.154.167.220:443
DEBUG GrayWizard123_TGBot Telegram Connection org.apache.http.impl.conn.DefaultManagedHttpClientConnection - http-outgoing-1: set socket timeout to 75000
DEBUG GrayWizard123_TGBot Telegram Connection org.apache.http.impl.execchain.MainClientExec - Executing request POST /bot1292931141:AAEVwqEcw9OOU9KFVbPDqgz7Se6yUAlVpkk/getupdates HTTP/1.1
DEBUG GrayWizard123_TGBot Telegram Connection org.apache.http.impl.execchain.MainClientExec - Target auth state: UNCHALLENGED
DEBUG GrayWizard123_TGBot Telegram Connection org.apache.http.impl.execchain.MainClientExec - Proxy auth state: UNCHALLENGED
DEBUG GrayWizard123_TGBot Telegram Connection org.apache.http.headers - http-outgoing-1 >> POST /bot1292931141:AAEVwqEcw9OOU9KFVbPDqgz7Se6yUAlVpkk/getupdates HTTP/1.1
DEBUG GrayWizard123_TGBot Telegram Connection org.apache.http.headers - http-outgoing-1 >> charset: UTF-8
DEBUG GrayWizard123_TGBot Telegram Connection org.apache.http.headers - http-outgoing-1 >> Content-Length: 59
DEBUG GrayWizard123_TGBot Telegram Connection org.apache.http.headers - http-outgoing-1 >> Content-Type: application/json; charset=UTF-8
DEBUG GrayWizard123_TGBot Telegram Connection org.apache.http.headers - http-outgoing-1 >> Host: api.telegram.org
DEBUG GrayWizard123_TGBot Telegram Connection org.apache.http.headers - http-outgoing-1 >> Connection: Keep-Alive
DEBUG GrayWizard123_TGBot Telegram Connection org.apache.http.headers - http-outgoing-1 >> User-Agent: Apache-HttpClient/4.5.10 (Java/1.8.0_251)
DEBUG GrayWizard123_TGBot Telegram Connection org.apache.http.headers - http-outgoing-1 >> Accept-Encoding: gzip,deflate
DEBUG GrayWizard123_TGBot Telegram Connection org.apache.http.wire - http-outgoing-1 >> "POST /bot1292931141:AAEVwqEcw9OOU9KFVbPDqgz7Se6yUAlVpkk/getupdates HTTP/1.1[\r][\n]"
DEBUG GrayWizard123_TGBot Telegram Connection org.apache.http.wire - http-outgoing-1 >> "charset: UTF-8[\r][\n]"
DEBUG GrayWizard123_TGBot Telegram Connection org.apache.http.wire - http-outgoing-1 >> "Content-Length: 59[\r][\n]"
DEBUG GrayWizard123_TGBot Telegram Connection org.apache.http.wire - http-outgoing-1 >> "Content-Type: application/json; charset=UTF-8[\r][\n]"
DEBUG GrayWizard123_TGBot Telegram Connection org.apache.http.wire - http-outgoing-1 >> "Host: api.telegram.org[\r][\n]"
DEBUG GrayWizard123_TGBot Telegram Connection org.apache.http.wire - http-outgoing-1 >> "Connection: Keep-Alive[\r][\n]"
DEBUG GrayWizard123_TGBot Telegram Connection org.apache.http.wire - http-outgoing-1 >> "User-Agent: Apache-HttpClient/4.5.10 (Java/1.8.0_251)[\r][\n]"
DEBUG GrayWizard123_TGBot Telegram Connection org.apache.http.wire - http-outgoing-1 >> "Accept-Encoding: gzip,deflate[\r][\n]"
DEBUG GrayWizard123_TGBot Telegram Connection org.apache.http.wire - http-outgoing-1 >> "[\r][\n]"
DEBUG GrayWizard123_TGBot Telegram Connection org.apache.http.wire - http-outgoing-1 >> "{"offset":1,"limit":100,"timeout":50,"method":"getupdates"}"
DEBUG main TGBot - /layouts/main.fxml loaded
DEBUG main TGBot - /layouts/menu.fxml loading
