DEBUG GrayWizard123_TGBot Telegram Connection org.apache.http.conn.ssl.SSLConnectionSocketFactory - Starting handshake
DEBUG main TGBot - /layouts/category_add_ui.fxml loaded
DEBUG main TGBot - /layouts/category_remove_ui.fxml loading
DEBUG main TGBot - /layouts/category_remove_ui.fxml loaded
DEBUG main TGBot - /layouts/main.fxml loading
DEBUG main TGBot - /layouts/main.fxml loaded
DEBUG main TGBot - /layouts/menu.fxml loading
DEBUG GrayWizard123_TGBot Telegram Connection org.apache.http.conn.ssl.SSLConnectionSocketFactory - Secure session established
DEBUG GrayWizard123_TGBot Telegram Connection org.apache.http.conn.ssl.SSLConnectionSocketFactory -  negotiated protocol: TLSv1.2
DEBUG GrayWizard123_TGBot Telegram Connection org.apache.http.conn.ssl.SSLConnectionSocketFactory -  negotiated cipher suite: TLS_ECDHE_RSA_WITH_AES_128_GCM_SHA256
DEBUG GrayWizard123_TGBot Telegram Connection org.apache.http.conn.ssl.SSLConnectionSocketFactory -  peer principal: CN=api.telegram.org, OU=Domain Control Validated
DEBUG GrayWizard123_TGBot Telegram Connection org.apache.http.conn.ssl.SSLConnectionSocketFactory -  peer alternative names: [api.telegram.org, www.api.telegram.org]
DEBUG GrayWizard123_TGBot Telegram Connection org.apache.http.conn.ssl.SSLConnectionSocketFactory -  issuer principal: CN=Go Daddy Secure Certificate Authority - G2, OU=http://certs.godaddy.com/repository/, O="GoDaddy.com, Inc.", L=Scottsdale, ST=Arizona, C=US
DEBUG GrayWizard123_TGBot Telegram Connection org.apache.http.impl.conn.DefaultHttpClientConnectionOperator - Connection established 192.168.31.12:61360<->149.154.167.220:443
DEBUG GrayWizard123_TGBot Telegram Connection org.apache.http.impl.conn.DefaultManagedHttpClientConnection - http-outgoing-1: set socket timeout to 75000
DEBUG GrayWizard123_TGBot Telegram Connection org.apache.http.impl.execchain.MainClientExec - Executing request POST /bot1292931141:AAEVwqEcw9OOU9KFVbPDqgz7Se6yUAlVpkk/getupdates HTTP/1.1
DEBUG GrayWizard123_TGBot Telegram Connection org.apache.http.impl.execchain.MainClientExec - Target auth state: UNCHALLENGED
DEBUG GrayWizard123_TGBot Telegram Connection org.apache.http.impl.execchain.MainClientExec - Proxy auth state: UNCHALLENGED
DEBUG GrayWizard123_TGBot Telegram Connection org.apache.http.headers - http-outgoing-1 >> POST /bot1292931141:AAEVwqEcw9OOU9KFVbPDqgz7Se6yUAlVpkk/getupdates HTTP/1.1
DEBUG GrayWizard123_TGBot Telegram Connection org.apache.http.headers - http-outgoing-1 >> charset: UTF-8
DEBUG GrayWizard123_TGBot Telegram Connection org.apache.http.headers - http-outgoing-1 >> Content-Length: 59
DEBUG GrayWizard123_TGBot Telegram Connection org.apache.http.headers - http-outgoing-1 >> Content-Type: application/json; charset=UTF-8
DEBUG GrayWizard123_TGBot Telegram Connection org.apache.http.headers - http-outgoing-1 >> Host: api.telegram.org
DEBUG GrayWizard123_TGBot Telegram Connection org.apache.http.headers - http-outgoing-1 >> Connection: Keep-Alive
DEBUG GrayWizard123_TGBot Telegram Connection org.apache.http.headers - http-outgoing-1 >> User-Agent: Apache-HttpClient/4.5.10 (Java/1.8.0_251)
DEBUG GrayWizard123_TGBot Telegram Connection org.apache.http.headers - http-outgoing-1 >> Accept-Encoding: gzip,deflate
DEBUG GrayWizard123_TGBot Telegram Connection org.apache.http.wire - http-outgoing-1 >> "POST /bot1292931141:AAEVwqEcw9OOU9KFVbPDqgz7Se6yUAlVpkk/getupdates HTTP/1.1[\r][\n]"
DEBUG GrayWizard123_TGBot Telegram Connection org.apache.http.wire - http-outgoing-1 >> "charset: UTF-8[\r][\n]"
DEBUG GrayWizard123_TGBot Telegram Connection org.apache.http.wire - http-outgoing-1 >> "Content-Length: 59[\r][\n]"
DEBUG GrayWizard123_TGBot Telegram Connection org.apache.http.wire - http-outgoing-1 >> "Content-Type: application/json; charset=UTF-8[\r][\n]"
DEBUG GrayWizard123_TGBot Telegram Connection org.apache.http.wire - http-outgoing-1 >> "Host: api.telegram.org[\r][\n]"
DEBUG GrayWizard123_TGBot Telegram Connection org.apache.http.wire - http-outgoing-1 >> "Connection: Keep-Alive[\r][\n]"
DEBUG GrayWizard123_TGBot Telegram Connection org.apache.http.wire - http-outgoing-1 >> "User-Agent: Apache-HttpClient/4.5.10 (Java/1.8.0_251)[\r][\n]"
DEBUG GrayWizard123_TGBot Telegram Connection org.apache.http.wire - http-outgoing-1 >> "Accept-Encoding: gzip,deflate[\r][\n]"
DEBUG GrayWizard123_TGBot Telegram Connection org.apache.http.wire - http-outgoing-1 >> "[\r][\n]"
DEBUG GrayWizard123_TGBot Telegram Connection org.apache.http.wire - http-outgoing-1 >> "{"offset":1,"limit":100,"timeout":50,"method":"getupdates"}"
DEBUG main TGBot - /layouts/menu.fxml loaded
DEBUG GrayWizard123_TGBot Telegram Connection org.apache.http.wire - http-outgoing-1 << "HTTP/1.1 200 OK[\r][\n]"
DEBUG GrayWizard123_TGBot Telegram Connection org.apache.http.wire - http-outgoing-1 << "Server: nginx/1.16.1[\r][\n]"
DEBUG GrayWizard123_TGBot Telegram Connection org.apache.http.wire - http-outgoing-1 << "Date: Thu, 17 Sep 2020 22:41:46 GMT[\r][\n]"
DEBUG GrayWizard123_TGBot Telegram Connection org.apache.http.wire - http-outgoing-1 << "Content-Type: application/json[\r][\n]"
DEBUG GrayWizard123_TGBot Telegram Connection org.apache.http.wire - http-outgoing-1 << "Content-Length: 23[\r][\n]"
DEBUG GrayWizard123_TGBot Telegram Connection org.apache.http.wire - http-outgoing-1 << "Connection: keep-alive[\r][\n]"
DEBUG GrayWizard123_TGBot Telegram Connection org.apache.http.wire - http-outgoing-1 << "Strict-Transport-Security: max-age=31536000; includeSubDomains; preload[\r][\n]"
DEBUG GrayWizard123_TGBot Telegram Connection org.apache.http.wire - http-outgoing-1 << "Access-Control-Allow-Origin: *[\r][\n]"
DEBUG GrayWizard123_TGBot Telegram Connection org.apache.http.wire - http-outgoing-1 << "Access-Control-Allow-Methods: GET, POST, OPTIONS[\r][\n]"
DEBUG GrayWizard123_TGBot Telegram Connection org.apache.http.wire - http-outgoing-1 << "Access-Control-Expose-Headers: Content-Length,Content-Type,Date,Server,Connection[\r][\n]"
DEBUG GrayWizard123_TGBot Telegram Connection org.apache.http.wire - http-outgoing-1 << "[\r][\n]"
DEBUG GrayWizard123_TGBot Telegram Connection org.apache.http.wire - http-outgoing-1 << "{"ok":true,"result":[]}"
DEBUG GrayWizard123_TGBot Telegram Connection org.apache.http.headers - http-outgoing-1 << HTTP/1.1 200 OK
DEBUG GrayWizard123_TGBot Telegram Connection org.apache.http.headers - http-outgoing-1 << Server: nginx/1.16.1
DEBUG GrayWizard123_TGBot Telegram Connection org.apache.http.headers - http-outgoing-1 << Date: Thu, 17 Sep 2020 22:41:46 GMT
DEBUG GrayWizard123_TGBot Telegram Connection org.apache.http.headers - http-outgoing-1 << Content-Type: application/json
DEBUG GrayWizard123_TGBot Telegram Connection org.apache.http.headers - http-outgoing-1 << Content-Length: 23
DEBUG GrayWizard123_TGBot Telegram Connection org.apache.http.headers - http-outgoing-1 << Connection: keep-alive
DEBUG GrayWizard123_TGBot Telegram Connection org.apache.http.headers - http-outgoing-1 << Strict-Transport-Security: max-age=31536000; includeSubDomains; preload
DEBUG GrayWizard123_TGBot Telegram Connection org.apache.http.headers - http-outgoing-1 << Access-Control-Allow-Origin: *
DEBUG GrayWizard123_TGBot Telegram Connection org.apache.http.headers - http-outgoing-1 << Access-Control-Allow-Methods: GET, POST, OPTIONS
DEBUG GrayWizard123_TGBot Telegram Connection org.apache.http.headers - http-outgoing-1 << Access-Control-Expose-Headers: Content-Length,Content-Type,Date,Server,Connection
DEBUG GrayWizard123_TGBot Telegram Connection org.apache.http.impl.execchain.MainClientExec - Connection can be kept alive indefinitely
DEBUG GrayWizard123_TGBot Telegram Connection org.apache.http.impl.conn.PoolingHttpClientConnectionManager - Connection [id: 1][route: {s}->https://api.telegram.org:443] can be kept alive indefinitely
DEBUG GrayWizard123_TGBot Telegram Connection org.apache.http.impl.conn.DefaultManagedHttpClientConnection - http-outgoing-1: set socket timeout to 0
DEBUG GrayWizard123_TGBot Telegram Connection org.apache.http.impl.conn.PoolingHttpClientConnectionManager - Connection released: [id: 1][route: {s}->https://api.telegram.org:443][total kept alive: 1; route allocated: 1 of 2; total allocated: 1 of 100]
DEBUG GrayWizard123_TGBot Telegram Connection org.apache.http.client.protocol.RequestAddCookies - CookieSpec selected: default
DEBUG GrayWizard123_TGBot Telegram Connection org.apache.http.client.protocol.RequestAuthCache - Auth cache not set in the context
DEBUG GrayWizard123_TGBot Telegram Connection org.apache.http.impl.conn.PoolingHttpClientConnectionManager - Connection request: [route: {s}->https://api.telegram.org:443][total kept alive: 1; route allocated: 1 of 2; total allocated: 1 of 100]
DEBUG GrayWizard123_TGBot Telegram Connection org.apache.http.impl.conn.PoolingHttpClientConnectionManager - Connection leased: [id: 1][route: {s}->https://api.telegram.org:443][total kept alive: 0; route allocated: 1 of 2; total allocated: 1 of 100]
DEBUG GrayWizard123_TGBot Telegram Connection org.apache.http.impl.conn.DefaultManagedHttpClientConnection - http-outgoing-1: set socket timeout to 0
DEBUG GrayWizard123_TGBot Telegram Connection org.apache.http.impl.conn.DefaultManagedHttpClientConnection - http-outgoing-1: set socket timeout to 75000
DEBUG GrayWizard123_TGBot Telegram Connection org.apache.http.impl.execchain.MainClientExec - Executing request POST /bot1292931141:AAEVwqEcw9OOU9KFVbPDqgz7Se6yUAlVpkk/getupdates HTTP/1.1
DEBUG GrayWizard123_TGBot Telegram Connection org.apache.http.impl.execchain.MainClientExec - Target auth state: UNCHALLENGED
DEBUG GrayWizard123_TGBot Telegram Connection org.apache.http.impl.execchain.MainClientExec - Proxy auth state: UNCHALLENGED
DEBUG GrayWizard123_TGBot Telegram Connection org.apache.http.headers - http-outgoing-1 >> POST /bot1292931141:AAEVwqEcw9OOU9KFVbPDqgz7Se6yUAlVpkk/getupdates HTTP/1.1
DEBUG GrayWizard123_TGBot Telegram Connection org.apache.http.headers - http-outgoing-1 >> charset: UTF-8
DEBUG GrayWizard123_TGBot Telegram Connection org.apache.http.headers - http-outgoing-1 >> Content-Length: 59
DEBUG GrayWizard123_TGBot Telegram Connection org.apache.http.headers - http-outgoing-1 >> Content-Type: application/json; charset=UTF-8
DEBUG GrayWizard123_TGBot Telegram Connection org.apache.http.headers - http-outgoing-1 >> Host: api.telegram.org
DEBUG GrayWizard123_TGBot Telegram Connection org.apache.http.headers - http-outgoing-1 >> Connection: Keep-Alive
DEBUG GrayWizard123_TGBot Telegram Connection org.apache.http.headers - http-outgoing-1 >> User-Agent: Apache-HttpClient/4.5.10 (Java/1.8.0_251)
DEBUG GrayWizard123_TGBot Telegram Connection org.apache.http.headers - http-outgoing-1 >> Accept-Encoding: gzip,deflate
DEBUG GrayWizard123_TGBot Telegram Connection org.apache.http.wire - http-outgoing-1 >> "POST /bot1292931141:AAEVwqEcw9OOU9KFVbPDqgz7Se6yUAlVpkk/getupdates HTTP/1.1[\r][\n]"
DEBUG GrayWizard123_TGBot Telegram Connection org.apache.http.wire - http-outgoing-1 >> "charset: UTF-8[\r][\n]"
DEBUG GrayWizard123_TGBot Telegram Connection org.apache.http.wire - http-outgoing-1 >> "Content-Length: 59[\r][\n]"
DEBUG GrayWizard123_TGBot Telegram Connection org.apache.http.wire - http-outgoing-1 >> "Content-Type: application/json; charset=UTF-8[\r][\n]"
DEBUG GrayWizard123_TGBot Telegram Connection org.apache.http.wire - http-outgoing-1 >> "Host: api.telegram.org[\r][\n]"
DEBUG GrayWizard123_TGBot Telegram Connection org.apache.http.wire - http-outgoing-1 >> "Connection: Keep-Alive[\r][\n]"
DEBUG GrayWizard123_TGBot Telegram Connection org.apache.http.wire - http-outgoing-1 >> "User-Agent: Apache-HttpClient/4.5.10 (Java/1.8.0_251)[\r][\n]"
DEBUG GrayWizard123_TGBot Telegram Connection org.apache.http.wire - http-outgoing-1 >> "Accept-Encoding: gzip,deflate[\r][\n]"
DEBUG GrayWizard123_TGBot Telegram Connection org.apache.http.wire - http-outgoing-1 >> "[\r][\n]"
DEBUG GrayWizard123_TGBot Telegram Connection org.apache.http.wire - http-outgoing-1 >> "{"offset":1,"limit":100,"timeout":50,"method":"getupdates"}"
DEBUG GrayWizard123_TGBot Telegram Connection org.apache.http.wire - http-outgoing-1 << "HTTP/1.1 200 OK[\r][\n]"
DEBUG GrayWizard123_TGBot Telegram Connection org.apache.http.wire - http-outgoing-1 << "Server: nginx/1.16.1[\r][\n]"
DEBUG GrayWizard123_TGBot Telegram Connection org.apache.http.wire - http-outgoing-1 << "Date: Thu, 17 Sep 2020 22:42:36 GMT[\r][\n]"
DEBUG GrayWizard123_TGBot Telegram Connection org.apache.http.wire - http-outgoing-1 << "Content-Type: application/json[\r][\n]"
DEBUG GrayWizard123_TGBot Telegram Connection org.apache.http.wire - http-outgoing-1 << "Content-Length: 23[\r][\n]"
DEBUG GrayWizard123_TGBot Telegram Connection org.apache.http.wire - http-outgoing-1 << "Connection: keep-alive[\r][\n]"
DEBUG GrayWizard123_TGBot Telegram Connection org.apache.http.wire - http-outgoing-1 << "Strict-Transport-Security: max-age=31536000; includeSubDomains; preload[\r][\n]"
DEBUG GrayWizard123_TGBot Telegram Connection org.apache.http.wire - http-outgoing-1 << "Access-Control-Allow-Origin: *[\r][\n]"
DEBUG GrayWizard123_TGBot Telegram Connection org.apache.http.wire - http-outgoing-1 << "Access-Control-Allow-Methods: GET, POST, OPTIONS[\r][\n]"
DEBUG GrayWizard123_TGBot Telegram Connection org.apache.http.wire - http-outgoing-1 << "Access-Control-Expose-Headers: Content-Length,Content-Type,Date,Server,Connection[\r][\n]"
DEBUG GrayWizard123_TGBot Telegram Connection org.apache.http.wire - http-outgoing-1 << "[\r][\n]"
DEBUG GrayWizard123_TGBot Telegram Connection org.apache.http.wire - http-outgoing-1 << "{"ok":true,"result":[]}"
DEBUG GrayWizard123_TGBot Telegram Connection org.apache.http.headers - http-outgoing-1 << HTTP/1.1 200 OK
DEBUG GrayWizard123_TGBot Telegram Connection org.apache.http.headers - http-outgoing-1 << Server: nginx/1.16.1
DEBUG GrayWizard123_TGBot Telegram Connection org.apache.http.headers - http-outgoing-1 << Date: Thu, 17 Sep 2020 22:42:36 GMT
DEBUG GrayWizard123_TGBot Telegram Connection org.apache.http.headers - http-outgoing-1 << Content-Type: application/json
DEBUG GrayWizard123_TGBot Telegram Connection org.apache.http.headers - http-outgoing-1 << Content-Length: 23
DEBUG GrayWizard123_TGBot Telegram Connection org.apache.http.headers - http-outgoing-1 << Connection: keep-alive
DEBUG GrayWizard123_TGBot Telegram Connection org.apache.http.headers - http-outgoing-1 << Strict-Transport-Security: max-age=31536000; includeSubDomains; preload
DEBUG GrayWizard123_TGBot Telegram Connection org.apache.http.headers - http-outgoing-1 << Access-Control-Allow-Origin: *
DEBUG GrayWizard123_TGBot Telegram Connection org.apache.http.headers - http-outgoing-1 << Access-Control-Allow-Methods: GET, POST, OPTIONS
DEBUG GrayWizard123_TGBot Telegram Connection org.apache.http.headers - http-outgoing-1 << Access-Control-Expose-Headers: Content-Length,Content-Type,Date,Server,Connection
DEBUG GrayWizard123_TGBot Telegram Connection org.apache.http.impl.execchain.MainClientExec - Connection can be kept alive indefinitely
DEBUG GrayWizard123_TGBot Telegram Connection org.apache.http.impl.conn.PoolingHttpClientConnectionManager - Connection [id: 1][route: {s}->https://api.telegram.org:443] can be kept alive indefinitely
DEBUG GrayWizard123_TGBot Telegram Connection org.apache.http.impl.conn.DefaultManagedHttpClientConnection - http-outgoing-1: set socket timeout to 0
DEBUG GrayWizard123_TGBot Telegram Connection org.apache.http.impl.conn.PoolingHttpClientConnectionManager - Connection released: [id: 1][route: {s}->https://api.telegram.org:443][total kept alive: 1; route allocated: 1 of 2; total allocated: 1 of 100]
DEBUG GrayWizard123_TGBot Telegram Connection org.apache.http.client.protocol.RequestAddCookies - CookieSpec selected: default
DEBUG GrayWizard123_TGBot Telegram Connection org.apache.http.client.protocol.RequestAuthCache - Auth cache not set in the context
DEBUG GrayWizard123_TGBot Telegram Connection org.apache.http.impl.conn.PoolingHttpClientConnectionManager - Connection request: [route: {s}->https://api.telegram.org:443][total kept alive: 1; route allocated: 1 of 2; total allocated: 1 of 100]
DEBUG GrayWizard123_TGBot Telegram Connection org.apache.http.impl.conn.CPool - Connection [id:1][route:{s}->https://api.telegram.org:443][state:null] expired @ Fri Sep 18 03:42:06 UZT 2020
DEBUG GrayWizard123_TGBot Telegram Connection org.apache.http.impl.conn.DefaultManagedHttpClientConnection - http-outgoing-1: Close connection
DEBUG GrayWizard123_TGBot Telegram Connection org.apache.http.impl.conn.PoolingHttpClientConnectionManager - Connection leased: [id: 2][route: {s}->https://api.telegram.org:443][total kept alive: 0; route allocated: 1 of 2; total allocated: 1 of 100]
DEBUG GrayWizard123_TGBot Telegram Connection org.apache.http.impl.execchain.MainClientExec - Opening connection {s}->https://api.telegram.org:443
DEBUG GrayWizard123_TGBot Telegram Connection org.apache.http.impl.conn.DefaultHttpClientConnectionOperator - Connecting to api.telegram.org/149.154.167.220:443
DEBUG GrayWizard123_TGBot Telegram Connection org.apache.http.conn.ssl.SSLConnectionSocketFactory - Connecting socket to api.telegram.org/149.154.167.220:443 with timeout 75000
DEBUG GrayWizard123_TGBot Telegram Connection org.apache.http.conn.ssl.SSLConnectionSocketFactory - Enabled protocols: [TLSv1, TLSv1.1, TLSv1.2]
DEBUG GrayWizard123_TGBot Telegram Connection org.apache.http.conn.ssl.SSLConnectionSocketFactory - Enabled cipher suites:[TLS_ECDHE_ECDSA_WITH_AES_256_CBC_SHA384, TLS_ECDHE_RSA_WITH_AES_256_CBC_SHA384, TLS_RSA_WITH_AES_256_CBC_SHA256, TLS_ECDH_ECDSA_WITH_AES_256_CBC_SHA384, TLS_ECDH_RSA_WITH_AES_256_CBC_SHA384, TLS_DHE_RSA_WITH_AES_256_CBC_SHA256, TLS_DHE_DSS_WITH_AES_256_CBC_SHA256, TLS_ECDHE_ECDSA_WITH_AES_256_CBC_SHA, TLS_ECDHE_RSA_WITH_AES_256_CBC_SHA, TLS_RSA_WITH_AES_256_CBC_SHA, TLS_ECDH_ECDSA_WITH_AES_256_CBC_SHA, TLS_ECDH_RSA_WITH_AES_256_CBC_SHA, TLS_DHE_RSA_WITH_AES_256_CBC_SHA, TLS_DHE_DSS_WITH_AES_256_CBC_SHA, TLS_ECDHE_ECDSA_WITH_AES_128_CBC_SHA256, TLS_ECDHE_RSA_WITH_AES_128_CBC_SHA256, TLS_RSA_WITH_AES_128_CBC_SHA256, TLS_ECDH_ECDSA_WITH_AES_128_CBC_SHA256, TLS_ECDH_RSA_WITH_AES_128_CBC_SHA256, TLS_DHE_RSA_WITH_AES_128_CBC_SHA256, TLS_DHE_DSS_WITH_AES_128_CBC_SHA256, TLS_ECDHE_ECDSA_WITH_AES_128_CBC_SHA, TLS_ECDHE_RSA_WITH_AES_128_CBC_SHA, TLS_RSA_WITH_AES_128_CBC_SHA, TLS_ECDH_ECDSA_WITH_AES_128_CBC_SHA, TLS_ECDH_RSA_WITH_AES_128_CBC_SHA, TLS_DHE_RSA_WITH_AES_128_CBC_SHA, TLS_DHE_DSS_WITH_AES_128_CBC_SHA, TLS_ECDHE_ECDSA_WITH_AES_256_GCM_SHA384, TLS_ECDHE_ECDSA_WITH_AES_128_GCM_SHA256, TLS_ECDHE_RSA_WITH_AES_256_GCM_SHA384, TLS_RSA_WITH_AES_256_GCM_SHA384, TLS_ECDH_ECDSA_WITH_AES_256_GCM_SHA384, TLS_ECDH_RSA_WITH_AES_256_GCM_SHA384, TLS_DHE_RSA_WITH_AES_256_GCM_SHA384, TLS_DHE_DSS_WITH_AES_256_GCM_SHA384, TLS_ECDHE_RSA_WITH_AES_128_GCM_SHA256, TLS_RSA_WITH_AES_128_GCM_SHA256, TLS_ECDH_ECDSA_WITH_AES_128_GCM_SHA256, TLS_ECDH_RSA_WITH_AES_128_GCM_SHA256, TLS_DHE_RSA_WITH_AES_128_GCM_SHA256, TLS_DHE_DSS_WITH_AES_128_GCM_SHA256, TLS_EMPTY_RENEGOTIATION_INFO_SCSV]
DEBUG GrayWizard123_TGBot Telegram Connection org.apache.http.conn.ssl.SSLConnectionSocketFactory - Starting handshake
DEBUG GrayWizard123_TGBot Telegram Connection org.apache.http.conn.ssl.SSLConnectionSocketFactory - Secure session established
DEBUG GrayWizard123_TGBot Telegram Connection org.apache.http.conn.ssl.SSLConnectionSocketFactory -  negotiated protocol: TLSv1.2
DEBUG GrayWizard123_TGBot Telegram Connection org.apache.http.conn.ssl.SSLConnectionSocketFactory -  negotiated cipher suite: TLS_ECDHE_RSA_WITH_AES_128_GCM_SHA256
DEBUG GrayWizard123_TGBot Telegram Connection org.apache.http.conn.ssl.SSLConnectionSocketFactory -  peer principal: CN=api.telegram.org, OU=Domain Control Validated
DEBUG GrayWizard123_TGBot Telegram Connection org.apache.http.conn.ssl.SSLConnectionSocketFactory -  peer alternative names: [api.telegram.org, www.api.telegram.org]
DEBUG GrayWizard123_TGBot Telegram Connection org.apache.http.conn.ssl.SSLConnectionSocketFactory -  issuer principal: CN=Go Daddy Secure Certificate Authority - G2, OU=http://certs.godaddy.com/repository/, O="GoDaddy.com, Inc.", L=Scottsdale, ST=Arizona, C=US
DEBUG GrayWizard123_TGBot Telegram Connection org.apache.http.impl.conn.DefaultHttpClientConnectionOperator - Connection established 192.168.31.12:61483<->149.154.167.220:443
DEBUG GrayWizard123_TGBot Telegram Connection org.apache.http.impl.conn.DefaultManagedHttpClientConnection - http-outgoing-2: set socket timeout to 75000
DEBUG GrayWizard123_TGBot Telegram Connection org.apache.http.impl.execchain.MainClientExec - Executing request POST /bot1292931141:AAEVwqEcw9OOU9KFVbPDqgz7Se6yUAlVpkk/getupdates HTTP/1.1
DEBUG GrayWizard123_TGBot Telegram Connection org.apache.http.impl.execchain.MainClientExec - Target auth state: UNCHALLENGED
DEBUG GrayWizard123_TGBot Telegram Connection org.apache.http.impl.execchain.MainClientExec - Proxy auth state: UNCHALLENGED
DEBUG GrayWizard123_TGBot Telegram Connection org.apache.http.headers - http-outgoing-2 >> POST /bot1292931141:AAEVwqEcw9OOU9KFVbPDqgz7Se6yUAlVpkk/getupdates HTTP/1.1
DEBUG GrayWizard123_TGBot Telegram Connection org.apache.http.headers - http-outgoing-2 >> charset: UTF-8
DEBUG GrayWizard123_TGBot Telegram Connection org.apache.http.headers - http-outgoing-2 >> Content-Length: 59
DEBUG GrayWizard123_TGBot Telegram Connection org.apache.http.headers - http-outgoing-2 >> Content-Type: application/json; charset=UTF-8
DEBUG GrayWizard123_TGBot Telegram Connection org.apache.http.headers - http-outgoing-2 >> Host: api.telegram.org
DEBUG GrayWizard123_TGBot Telegram Connection org.apache.http.headers - http-outgoing-2 >> Connection: Keep-Alive
DEBUG GrayWizard123_TGBot Telegram Connection org.apache.http.headers - http-outgoing-2 >> User-Agent: Apache-HttpClient/4.5.10 (Java/1.8.0_251)
DEBUG GrayWizard123_TGBot Telegram Connection org.apache.http.headers - http-outgoing-2 >> Accept-Encoding: gzip,deflate
DEBUG GrayWizard123_TGBot Telegram Connection org.apache.http.wire - http-outgoing-2 >> "POST /bot1292931141:AAEVwqEcw9OOU9KFVbPDqgz7Se6yUAlVpkk/getupdates HTTP/1.1[\r][\n]"
DEBUG GrayWizard123_TGBot Telegram Connection org.apache.http.wire - http-outgoing-2 >> "charset: UTF-8[\r][\n]"
DEBUG GrayWizard123_TGBot Telegram Connection org.apache.http.wire - http-outgoing-2 >> "Content-Length: 59[\r][\n]"
DEBUG GrayWizard123_TGBot Telegram Connection org.apache.http.wire - http-outgoing-2 >> "Content-Type: application/json; charset=UTF-8[\r][\n]"
DEBUG GrayWizard123_TGBot Telegram Connection org.apache.http.wire - http-outgoing-2 >> "Host: api.telegram.org[\r][\n]"
DEBUG GrayWizard123_TGBot Telegram Connection org.apache.http.wire - http-outgoing-2 >> "Connection: Keep-Alive[\r][\n]"
DEBUG GrayWizard123_TGBot Telegram Connection org.apache.http.wire - http-outgoing-2 >> "User-Agent: Apache-HttpClient/4.5.10 (Java/1.8.0_251)[\r][\n]"
DEBUG GrayWizard123_TGBot Telegram Connection org.apache.http.wire - http-outgoing-2 >> "Accept-Encoding: gzip,deflate[\r][\n]"
DEBUG GrayWizard123_TGBot Telegram Connection org.apache.http.wire - http-outgoing-2 >> "[\r][\n]"
DEBUG GrayWizard123_TGBot Telegram Connection org.apache.http.wire - http-outgoing-2 >> "{"offset":1,"limit":100,"timeout":50,"method":"getupdates"}"
DEBUG GrayWizard123_TGBot Telegram Connection org.apache.http.wire - http-outgoing-2 << "HTTP/1.1 200 OK[\r][\n]"
DEBUG GrayWizard123_TGBot Telegram Connection org.apache.http.wire - http-outgoing-2 << "Server: nginx/1.16.1[\r][\n]"
DEBUG GrayWizard123_TGBot Telegram Connection org.apache.http.wire - http-outgoing-2 << "Date: Thu, 17 Sep 2020 22:43:27 GMT[\r][\n]"
DEBUG GrayWizard123_TGBot Telegram Connection org.apache.http.wire - http-outgoing-2 << "Content-Type: application/json[\r][\n]"
DEBUG GrayWizard123_TGBot Telegram Connection org.apache.http.wire - http-outgoing-2 << "Content-Length: 23[\r][\n]"
DEBUG GrayWizard123_TGBot Telegram Connection org.apache.http.wire - http-outgoing-2 << "Connection: keep-alive[\r][\n]"
DEBUG GrayWizard123_TGBot Telegram Connection org.apache.http.wire - http-outgoing-2 << "Strict-Transport-Security: max-age=31536000; includeSubDomains; preload[\r][\n]"
DEBUG GrayWizard123_TGBot Telegram Connection org.apache.http.wire - http-outgoing-2 << "Access-Control-Allow-Origin: *[\r][\n]"
DEBUG GrayWizard123_TGBot Telegram Connection org.apache.http.wire - http-outgoing-2 << "Access-Control-Allow-Methods: GET, POST, OPTIONS[\r][\n]"
DEBUG GrayWizard123_TGBot Telegram Connection org.apache.http.wire - http-outgoing-2 << "Access-Control-Expose-Headers: Content-Length,Content-Type,Date,Server,Connection[\r][\n]"
DEBUG GrayWizard123_TGBot Telegram Connection org.apache.http.wire - http-outgoing-2 << "[\r][\n]"
DEBUG GrayWizard123_TGBot Telegram Connection org.apache.http.wire - http-outgoing-2 << "{"ok":true,"result":[]}"
DEBUG GrayWizard123_TGBot Telegram Connection org.apache.http.headers - http-outgoing-2 << HTTP/1.1 200 OK
DEBUG GrayWizard123_TGBot Telegram Connection org.apache.http.headers - http-outgoing-2 << Server: nginx/1.16.1
DEBUG GrayWizard123_TGBot Telegram Connection org.apache.http.headers - http-outgoing-2 << Date: Thu, 17 Sep 2020 22:43:27 GMT
DEBUG GrayWizard123_TGBot Telegram Connection org.apache.http.headers - http-outgoing-2 << Content-Type: application/json
DEBUG GrayWizard123_TGBot Telegram Connection org.apache.http.headers - http-outgoing-2 << Content-Length: 23
DEBUG GrayWizard123_TGBot Telegram Connection org.apache.http.headers - http-outgoing-2 << Connection: keep-alive
DEBUG GrayWizard123_TGBot Telegram Connection org.apache.http.headers - http-outgoing-2 << Strict-Transport-Security: max-age=31536000; includeSubDomains; preload
DEBUG GrayWizard123_TGBot Telegram Connection org.apache.http.headers - http-outgoing-2 << Access-Control-Allow-Origin: *
DEBUG GrayWizard123_TGBot Telegram Connection org.apache.http.headers - http-outgoing-2 << Access-Control-Allow-Methods: GET, POST, OPTIONS
DEBUG GrayWizard123_TGBot Telegram Connection org.apache.http.headers - http-outgoing-2 << Access-Control-Expose-Headers: Content-Length,Content-Type,Date,Server,Connection
DEBUG GrayWizard123_TGBot Telegram Connection org.apache.http.impl.execchain.MainClientExec - Connection can be kept alive indefinitely
DEBUG GrayWizard123_TGBot Telegram Connection org.apache.http.impl.conn.PoolingHttpClientConnectionManager - Connection [id: 2][route: {s}->https://api.telegram.org:443] can be kept alive indefinitely
DEBUG GrayWizard123_TGBot Telegram Connection org.apache.http.impl.conn.DefaultManagedHttpClientConnection - http-outgoing-2: set socket timeout to 0
DEBUG GrayWizard123_TGBot Telegram Connection org.apache.http.impl.conn.PoolingHttpClientConnectionManager - Connection released: [id: 2][route: {s}->https://api.telegram.org:443][total kept alive: 1; route allocated: 1 of 2; total allocated: 1 of 100]
DEBUG GrayWizard123_TGBot Telegram Connection org.apache.http.client.protocol.RequestAddCookies - CookieSpec selected: default
DEBUG GrayWizard123_TGBot Telegram Connection org.apache.http.client.protocol.RequestAuthCache - Auth cache not set in the context
DEBUG GrayWizard123_TGBot Telegram Connection org.apache.http.impl.conn.PoolingHttpClientConnectionManager - Connection request: [route: {s}->https://api.telegram.org:443][total kept alive: 1; route allocated: 1 of 2; total allocated: 1 of 100]
DEBUG GrayWizard123_TGBot Telegram Connection org.apache.http.impl.conn.PoolingHttpClientConnectionManager - Connection leased: [id: 2][route: {s}->https://api.telegram.org:443][total kept alive: 0; route allocated: 1 of 2; total allocated: 1 of 100]
DEBUG GrayWizard123_TGBot Telegram Connection org.apache.http.impl.conn.DefaultManagedHttpClientConnection - http-outgoing-2: set socket timeout to 0
DEBUG GrayWizard123_TGBot Telegram Connection org.apache.http.impl.conn.DefaultManagedHttpClientConnection - http-outgoing-2: set socket timeout to 75000
DEBUG GrayWizard123_TGBot Telegram Connection org.apache.http.impl.execchain.MainClientExec - Executing request POST /bot1292931141:AAEVwqEcw9OOU9KFVbPDqgz7Se6yUAlVpkk/getupdates HTTP/1.1
DEBUG GrayWizard123_TGBot Telegram Connection org.apache.http.impl.execchain.MainClientExec - Target auth state: UNCHALLENGED
DEBUG GrayWizard123_TGBot Telegram Connection org.apache.http.impl.execchain.MainClientExec - Proxy auth state: UNCHALLENGED
DEBUG GrayWizard123_TGBot Telegram Connection org.apache.http.headers - http-outgoing-2 >> POST /bot1292931141:AAEVwqEcw9OOU9KFVbPDqgz7Se6yUAlVpkk/getupdates HTTP/1.1
DEBUG GrayWizard123_TGBot Telegram Connection org.apache.http.headers - http-outgoing-2 >> charset: UTF-8
DEBUG GrayWizard123_TGBot Telegram Connection org.apache.http.headers - http-outgoing-2 >> Content-Length: 59
DEBUG GrayWizard123_TGBot Telegram Connection org.apache.http.headers - http-outgoing-2 >> Content-Type: application/json; charset=UTF-8
DEBUG GrayWizard123_TGBot Telegram Connection org.apache.http.headers - http-outgoing-2 >> Host: api.telegram.org
DEBUG GrayWizard123_TGBot Telegram Connection org.apache.http.headers - http-outgoing-2 >> Connection: Keep-Alive
DEBUG GrayWizard123_TGBot Telegram Connection org.apache.http.headers - http-outgoing-2 >> User-Agent: Apache-HttpClient/4.5.10 (Java/1.8.0_251)
DEBUG GrayWizard123_TGBot Telegram Connection org.apache.http.headers - http-outgoing-2 >> Accept-Encoding: gzip,deflate
DEBUG GrayWizard123_TGBot Telegram Connection org.apache.http.wire - http-outgoing-2 >> "POST /bot1292931141:AAEVwqEcw9OOU9KFVbPDqgz7Se6yUAlVpkk/getupdates HTTP/1.1[\r][\n]"
DEBUG GrayWizard123_TGBot Telegram Connection org.apache.http.wire - http-outgoing-2 >> "charset: UTF-8[\r][\n]"
DEBUG GrayWizard123_TGBot Telegram Connection org.apache.http.wire - http-outgoing-2 >> "Content-Length: 59[\r][\n]"
DEBUG GrayWizard123_TGBot Telegram Connection org.apache.http.wire - http-outgoing-2 >> "Content-Type: application/json; charset=UTF-8[\r][\n]"
DEBUG GrayWizard123_TGBot Telegram Connection org.apache.http.wire - http-outgoing-2 >> "Host: api.telegram.org[\r][\n]"
DEBUG GrayWizard123_TGBot Telegram Connection org.apache.http.wire - http-outgoing-2 >> "Connection: Keep-Alive[\r][\n]"
DEBUG GrayWizard123_TGBot Telegram Connection org.apache.http.wire - http-outgoing-2 >> "User-Agent: Apache-HttpClient/4.5.10 (Java/1.8.0_251)[\r][\n]"
DEBUG GrayWizard123_TGBot Telegram Connection org.apache.http.wire - http-outgoing-2 >> "Accept-Encoding: gzip,deflate[\r][\n]"
DEBUG GrayWizard123_TGBot Telegram Connection org.apache.http.wire - http-outgoing-2 >> "[\r][\n]"
DEBUG GrayWizard123_TGBot Telegram Connection org.apache.http.wire - http-outgoing-2 >> "{"offset":1,"limit":100,"timeout":50,"method":"getupdates"}"
DEBUG GrayWizard123_TGBot Telegram Connection org.apache.http.wire - http-outgoing-2 << "HTTP/1.1 200 OK[\r][\n]"
DEBUG GrayWizard123_TGBot Telegram Connection org.apache.http.wire - http-outgoing-2 << "Server: nginx/1.16.1[\r][\n]"
DEBUG GrayWizard123_TGBot Telegram Connection org.apache.http.wire - http-outgoing-2 << "Date: Thu, 17 Sep 2020 22:44:18 GMT[\r][\n]"
DEBUG GrayWizard123_TGBot Telegram Connection org.apache.http.wire - http-outgoing-2 << "Content-Type: application/json[\r][\n]"
DEBUG GrayWizard123_TGBot Telegram Connection org.apache.http.wire - http-outgoing-2 << "Content-Length: 23[\r][\n]"
DEBUG GrayWizard123_TGBot Telegram Connection org.apache.http.wire - http-outgoing-2 << "Connection: keep-alive[\r][\n]"
DEBUG GrayWizard123_TGBot Telegram Connection org.apache.http.wire - http-outgoing-2 << "Strict-Transport-Security: max-age=31536000; includeSubDomains; preload[\r][\n]"
DEBUG GrayWizard123_TGBot Telegram Connection org.apache.http.wire - http-outgoing-2 << "Access-Control-Allow-Origin: *[\r][\n]"
DEBUG GrayWizard123_TGBot Telegram Connection org.apache.http.wire - http-outgoing-2 << "Access-Control-Allow-Methods: GET, POST, OPTIONS[\r][\n]"
DEBUG GrayWizard123_TGBot Telegram Connection org.apache.http.wire - http-outgoing-2 << "Access-Control-Expose-Headers: Content-Length,Content-Type,Date,Server,Connection[\r][\n]"
DEBUG GrayWizard123_TGBot Telegram Connection org.apache.http.wire - http-outgoing-2 << "[\r][\n]"
DEBUG GrayWizard123_TGBot Telegram Connection org.apache.http.wire - http-outgoing-2 << "{"ok":true,"result":[]}"
DEBUG GrayWizard123_TGBot Telegram Connection org.apache.http.headers - http-outgoing-2 << HTTP/1.1 200 OK
DEBUG GrayWizard123_TGBot Telegram Connection org.apache.http.headers - http-outgoing-2 << Server: nginx/1.16.1
DEBUG GrayWizard123_TGBot Telegram Connection org.apache.http.headers - http-outgoing-2 << Date: Thu, 17 Sep 2020 22:44:18 GMT
DEBUG GrayWizard123_TGBot Telegram Connection org.apache.http.headers - http-outgoing-2 << Content-Type: application/json
DEBUG GrayWizard123_TGBot Telegram Connection org.apache.http.headers - http-outgoing-2 << Content-Length: 23
DEBUG GrayWizard123_TGBot Telegram Connection org.apache.http.headers - http-outgoing-2 << Connection: keep-alive
DEBUG GrayWizard123_TGBot Telegram Connection org.apache.http.headers - http-outgoing-2 << Strict-Transport-Security: max-age=31536000; includeSubDomains; preload
DEBUG GrayWizard123_TGBot Telegram Connection org.apache.http.headers - http-outgoing-2 << Access-Control-Allow-Origin: *
DEBUG GrayWizard123_TGBot Telegram Connection org.apache.http.headers - http-outgoing-2 << Access-Control-Allow-Methods: GET, POST, OPTIONS
DEBUG GrayWizard123_TGBot Telegram Connection org.apache.http.headers - http-outgoing-2 << Access-Control-Expose-Headers: Content-Length,Content-Type,Date,Server,Connection
DEBUG GrayWizard123_TGBot Telegram Connection org.apache.http.impl.execchain.MainClientExec - Connection can be kept alive indefinitely
DEBUG GrayWizard123_TGBot Telegram Connection org.apache.http.impl.conn.PoolingHttpClientConnectionManager - Connection [id: 2][route: {s}->https://api.telegram.org:443] can be kept alive indefinitely
DEBUG GrayWizard123_TGBot Telegram Connection org.apache.http.impl.conn.DefaultManagedHttpClientConnection - http-outgoing-2: set socket timeout to 0
DEBUG GrayWizard123_TGBot Telegram Connection org.apache.http.impl.conn.PoolingHttpClientConnectionManager - Connection released: [id: 2][route: {s}->https://api.telegram.org:443][total kept alive: 1; route allocated: 1 of 2; total allocated: 1 of 100]
DEBUG GrayWizard123_TGBot Telegram Connection org.apache.http.client.protocol.RequestAddCookies - CookieSpec selected: default
DEBUG GrayWizard123_TGBot Telegram Connection org.apache.http.client.protocol.RequestAuthCache - Auth cache not set in the context
DEBUG GrayWizard123_TGBot Telegram Connection org.apache.http.impl.conn.PoolingHttpClientConnectionManager - Connection request: [route: {s}->https://api.telegram.org:443][total kept alive: 1; route allocated: 1 of 2; total allocated: 1 of 100]
DEBUG GrayWizard123_TGBot Telegram Connection org.apache.http.impl.conn.CPool - Connection [id:2][route:{s}->https://api.telegram.org:443][state:null] expired @ Fri Sep 18 03:43:47 UZT 2020
DEBUG GrayWizard123_TGBot Telegram Connection org.apache.http.impl.conn.DefaultManagedHttpClientConnection - http-outgoing-2: Close connection
DEBUG GrayWizard123_TGBot Telegram Connection org.apache.http.impl.conn.PoolingHttpClientConnectionManager - Connection leased: [id: 3][route: {s}->https://api.telegram.org:443][total kept alive: 0; route allocated: 1 of 2; total allocated: 1 of 100]
DEBUG GrayWizard123_TGBot Telegram Connection org.apache.http.impl.execchain.MainClientExec - Opening connection {s}->https://api.telegram.org:443
DEBUG GrayWizard123_TGBot Telegram Connection org.apache.http.impl.conn.DefaultHttpClientConnectionOperator - Connecting to api.telegram.org/149.154.167.220:443
DEBUG GrayWizard123_TGBot Telegram Connection org.apache.http.conn.ssl.SSLConnectionSocketFactory - Connecting socket to api.telegram.org/149.154.167.220:443 with timeout 75000
DEBUG GrayWizard123_TGBot Telegram Connection org.apache.http.conn.ssl.SSLConnectionSocketFactory - Enabled protocols: [TLSv1, TLSv1.1, TLSv1.2]
DEBUG GrayWizard123_TGBot Telegram Connection org.apache.http.conn.ssl.SSLConnectionSocketFactory - Enabled cipher suites:[TLS_ECDHE_ECDSA_WITH_AES_256_CBC_SHA384, TLS_ECDHE_RSA_WITH_AES_256_CBC_SHA384, TLS_RSA_WITH_AES_256_CBC_SHA256, TLS_ECDH_ECDSA_WITH_AES_256_CBC_SHA384, TLS_ECDH_RSA_WITH_AES_256_CBC_SHA384, TLS_DHE_RSA_WITH_AES_256_CBC_SHA256, TLS_DHE_DSS_WITH_AES_256_CBC_SHA256, TLS_ECDHE_ECDSA_WITH_AES_256_CBC_SHA, TLS_ECDHE_RSA_WITH_AES_256_CBC_SHA, TLS_RSA_WITH_AES_256_CBC_SHA, TLS_ECDH_ECDSA_WITH_AES_256_CBC_SHA, TLS_ECDH_RSA_WITH_AES_256_CBC_SHA, TLS_DHE_RSA_WITH_AES_256_CBC_SHA, TLS_DHE_DSS_WITH_AES_256_CBC_SHA, TLS_ECDHE_ECDSA_WITH_AES_128_CBC_SHA256, TLS_ECDHE_RSA_WITH_AES_128_CBC_SHA256, TLS_RSA_WITH_AES_128_CBC_SHA256, TLS_ECDH_ECDSA_WITH_AES_128_CBC_SHA256, TLS_ECDH_RSA_WITH_AES_128_CBC_SHA256, TLS_DHE_RSA_WITH_AES_128_CBC_SHA256, TLS_DHE_DSS_WITH_AES_128_CBC_SHA256, TLS_ECDHE_ECDSA_WITH_AES_128_CBC_SHA, TLS_ECDHE_RSA_WITH_AES_128_CBC_SHA, TLS_RSA_WITH_AES_128_CBC_SHA, TLS_ECDH_ECDSA_WITH_AES_128_CBC_SHA, TLS_ECDH_RSA_WITH_AES_128_CBC_SHA, TLS_DHE_RSA_WITH_AES_128_CBC_SHA, TLS_DHE_DSS_WITH_AES_128_CBC_SHA, TLS_ECDHE_ECDSA_WITH_AES_256_GCM_SHA384, TLS_ECDHE_ECDSA_WITH_AES_128_GCM_SHA256, TLS_ECDHE_RSA_WITH_AES_256_GCM_SHA384, TLS_RSA_WITH_AES_256_GCM_SHA384, TLS_ECDH_ECDSA_WITH_AES_256_GCM_SHA384, TLS_ECDH_RSA_WITH_AES_256_GCM_SHA384, TLS_DHE_RSA_WITH_AES_256_GCM_SHA384, TLS_DHE_DSS_WITH_AES_256_GCM_SHA384, TLS_ECDHE_RSA_WITH_AES_128_GCM_SHA256, TLS_RSA_WITH_AES_128_GCM_SHA256, TLS_ECDH_ECDSA_WITH_AES_128_GCM_SHA256, TLS_ECDH_RSA_WITH_AES_128_GCM_SHA256, TLS_DHE_RSA_WITH_AES_128_GCM_SHA256, TLS_DHE_DSS_WITH_AES_128_GCM_SHA256, TLS_EMPTY_RENEGOTIATION_INFO_SCSV]
DEBUG GrayWizard123_TGBot Telegram Connection org.apache.http.conn.ssl.SSLConnectionSocketFactory - Starting handshake
DEBUG GrayWizard123_TGBot Telegram Connection org.apache.http.conn.ssl.SSLConnectionSocketFactory - Secure session established
DEBUG GrayWizard123_TGBot Telegram Connection org.apache.http.conn.ssl.SSLConnectionSocketFactory -  negotiated protocol: TLSv1.2
DEBUG GrayWizard123_TGBot Telegram Connection org.apache.http.conn.ssl.SSLConnectionSocketFactory -  negotiated cipher suite: TLS_ECDHE_RSA_WITH_AES_128_GCM_SHA256
DEBUG GrayWizard123_TGBot Telegram Connection org.apache.http.conn.ssl.SSLConnectionSocketFactory -  peer principal: CN=api.telegram.org, OU=Domain Control Validated
DEBUG GrayWizard123_TGBot Telegram Connection org.apache.http.conn.ssl.SSLConnectionSocketFactory -  peer alternative names: [api.telegram.org, www.api.telegram.org]
DEBUG GrayWizard123_TGBot Telegram Connection org.apache.http.conn.ssl.SSLConnectionSocketFactory -  issuer principal: CN=Go Daddy Secure Certificate Authority - G2, OU=http://certs.godaddy.com/repository/, O="GoDaddy.com, Inc.", L=Scottsdale, ST=Arizona, C=US
DEBUG GrayWizard123_TGBot Telegram Connection org.apache.http.impl.conn.DefaultHttpClientConnectionOperator - Connection established 192.168.31.12:61594<->149.154.167.220:443
DEBUG GrayWizard123_TGBot Telegram Connection org.apache.http.impl.conn.DefaultManagedHttpClientConnection - http-outgoing-3: set socket timeout to 75000
DEBUG GrayWizard123_TGBot Telegram Connection org.apache.http.impl.execchain.MainClientExec - Executing request POST /bot1292931141:AAEVwqEcw9OOU9KFVbPDqgz7Se6yUAlVpkk/getupdates HTTP/1.1
DEBUG GrayWizard123_TGBot Telegram Connection org.apache.http.impl.execchain.MainClientExec - Target auth state: UNCHALLENGED
DEBUG GrayWizard123_TGBot Telegram Connection org.apache.http.impl.execchain.MainClientExec - Proxy auth state: UNCHALLENGED
DEBUG GrayWizard123_TGBot Telegram Connection org.apache.http.headers - http-outgoing-3 >> POST /bot1292931141:AAEVwqEcw9OOU9KFVbPDqgz7Se6yUAlVpkk/getupdates HTTP/1.1
DEBUG GrayWizard123_TGBot Telegram Connection org.apache.http.headers - http-outgoing-3 >> charset: UTF-8
DEBUG GrayWizard123_TGBot Telegram Connection org.apache.http.headers - http-outgoing-3 >> Content-Length: 59
DEBUG GrayWizard123_TGBot Telegram Connection org.apache.http.headers - http-outgoing-3 >> Content-Type: application/json; charset=UTF-8
DEBUG GrayWizard123_TGBot Telegram Connection org.apache.http.headers - http-outgoing-3 >> Host: api.telegram.org
DEBUG GrayWizard123_TGBot Telegram Connection org.apache.http.headers - http-outgoing-3 >> Connection: Keep-Alive
DEBUG GrayWizard123_TGBot Telegram Connection org.apache.http.headers - http-outgoing-3 >> User-Agent: Apache-HttpClient/4.5.10 (Java/1.8.0_251)
DEBUG GrayWizard123_TGBot Telegram Connection org.apache.http.headers - http-outgoing-3 >> Accept-Encoding: gzip,deflate
DEBUG GrayWizard123_TGBot Telegram Connection org.apache.http.wire - http-outgoing-3 >> "POST /bot1292931141:AAEVwqEcw9OOU9KFVbPDqgz7Se6yUAlVpkk/getupdates HTTP/1.1[\r][\n]"
DEBUG GrayWizard123_TGBot Telegram Connection org.apache.http.wire - http-outgoing-3 >> "charset: UTF-8[\r][\n]"
DEBUG GrayWizard123_TGBot Telegram Connection org.apache.http.wire - http-outgoing-3 >> "Content-Length: 59[\r][\n]"
DEBUG GrayWizard123_TGBot Telegram Connection org.apache.http.wire - http-outgoing-3 >> "Content-Type: application/json; charset=UTF-8[\r][\n]"
DEBUG GrayWizard123_TGBot Telegram Connection org.apache.http.wire - http-outgoing-3 >> "Host: api.telegram.org[\r][\n]"
DEBUG GrayWizard123_TGBot Telegram Connection org.apache.http.wire - http-outgoing-3 >> "Connection: Keep-Alive[\r][\n]"
DEBUG GrayWizard123_TGBot Telegram Connection org.apache.http.wire - http-outgoing-3 >> "User-Agent: Apache-HttpClient/4.5.10 (Java/1.8.0_251)[\r][\n]"
DEBUG GrayWizard123_TGBot Telegram Connection org.apache.http.wire - http-outgoing-3 >> "Accept-Encoding: gzip,deflate[\r][\n]"
DEBUG GrayWizard123_TGBot Telegram Connection org.apache.http.wire - http-outgoing-3 >> "[\r][\n]"
DEBUG GrayWizard123_TGBot Telegram Connection org.apache.http.wire - http-outgoing-3 >> "{"offset":1,"limit":100,"timeout":50,"method":"getupdates"}"
DEBUG GrayWizard123_TGBot Telegram Connection org.apache.http.wire - http-outgoing-3 << "HTTP/1.1 200 OK[\r][\n]"
DEBUG GrayWizard123_TGBot Telegram Connection org.apache.http.wire - http-outgoing-3 << "Server: nginx/1.16.1[\r][\n]"
DEBUG GrayWizard123_TGBot Telegram Connection org.apache.http.wire - http-outgoing-3 << "Date: Thu, 17 Sep 2020 22:45:09 GMT[\r][\n]"
DEBUG GrayWizard123_TGBot Telegram Connection org.apache.http.wire - http-outgoing-3 << "Content-Type: application/json[\r][\n]"
DEBUG GrayWizard123_TGBot Telegram Connection org.apache.http.wire - http-outgoing-3 << "Content-Length: 23[\r][\n]"
DEBUG GrayWizard123_TGBot Telegram Connection org.apache.http.wire - http-outgoing-3 << "Connection: keep-alive[\r][\n]"
DEBUG GrayWizard123_TGBot Telegram Connection org.apache.http.wire - http-outgoing-3 << "Strict-Transport-Security: max-age=31536000; includeSubDomains; preload[\r][\n]"
DEBUG GrayWizard123_TGBot Telegram Connection org.apache.http.wire - http-outgoing-3 << "Access-Control-Allow-Origin: *[\r][\n]"
DEBUG GrayWizard123_TGBot Telegram Connection org.apache.http.wire - http-outgoing-3 << "Access-Control-Allow-Methods: GET, POST, OPTIONS[\r][\n]"
DEBUG GrayWizard123_TGBot Telegram Connection org.apache.http.wire - http-outgoing-3 << "Access-Control-Expose-Headers: Content-Length,Content-Type,Date,Server,Connection[\r][\n]"
DEBUG GrayWizard123_TGBot Telegram Connection org.apache.http.wire - http-outgoing-3 << "[\r][\n]"
DEBUG GrayWizard123_TGBot Telegram Connection org.apache.http.wire - http-outgoing-3 << "{"ok":true,"result":[]}"
DEBUG GrayWizard123_TGBot Telegram Connection org.apache.http.headers - http-outgoing-3 << HTTP/1.1 200 OK
DEBUG GrayWizard123_TGBot Telegram Connection org.apache.http.headers - http-outgoing-3 << Server: nginx/1.16.1
DEBUG GrayWizard123_TGBot Telegram Connection org.apache.http.headers - http-outgoing-3 << Date: Thu, 17 Sep 2020 22:45:09 GMT
DEBUG GrayWizard123_TGBot Telegram Connection org.apache.http.headers - http-outgoing-3 << Content-Type: application/json
DEBUG GrayWizard123_TGBot Telegram Connection org.apache.http.headers - http-outgoing-3 << Content-Length: 23
DEBUG GrayWizard123_TGBot Telegram Connection org.apache.http.headers - http-outgoing-3 << Connection: keep-alive
DEBUG GrayWizard123_TGBot Telegram Connection org.apache.http.headers - http-outgoing-3 << Strict-Transport-Security: max-age=31536000; includeSubDomains; preload
DEBUG GrayWizard123_TGBot Telegram Connection org.apache.http.headers - http-outgoing-3 << Access-Control-Allow-Origin: *
DEBUG GrayWizard123_TGBot Telegram Connection org.apache.http.headers - http-outgoing-3 << Access-Control-Allow-Methods: GET, POST, OPTIONS
DEBUG GrayWizard123_TGBot Telegram Connection org.apache.http.headers - http-outgoing-3 << Access-Control-Expose-Headers: Content-Length,Content-Type,Date,Server,Connection
DEBUG GrayWizard123_TGBot Telegram Connection org.apache.http.impl.execchain.MainClientExec - Connection can be kept alive indefinitely
DEBUG GrayWizard123_TGBot Telegram Connection org.apache.http.impl.conn.PoolingHttpClientConnectionManager - Connection [id: 3][route: {s}->https://api.telegram.org:443] can be kept alive indefinitely
DEBUG GrayWizard123_TGBot Telegram Connection org.apache.http.impl.conn.DefaultManagedHttpClientConnection - http-outgoing-3: set socket timeout to 0
DEBUG GrayWizard123_TGBot Telegram Connection org.apache.http.impl.conn.PoolingHttpClientConnectionManager - Connection released: [id: 3][route: {s}->https://api.telegram.org:443][total kept alive: 1; route allocated: 1 of 2; total allocated: 1 of 100]
DEBUG GrayWizard123_TGBot Telegram Connection org.apache.http.client.protocol.RequestAddCookies - CookieSpec selected: default
DEBUG GrayWizard123_TGBot Telegram Connection org.apache.http.client.protocol.RequestAuthCache - Auth cache not set in the context
DEBUG GrayWizard123_TGBot Telegram Connection org.apache.http.impl.conn.PoolingHttpClientConnectionManager - Connection request: [route: {s}->https://api.telegram.org:443][total kept alive: 1; route allocated: 1 of 2; total allocated: 1 of 100]
DEBUG GrayWizard123_TGBot Telegram Connection org.apache.http.impl.conn.PoolingHttpClientConnectionManager - Connection leased: [id: 3][route: {s}->https://api.telegram.org:443][total kept alive: 0; route allocated: 1 of 2; total allocated: 1 of 100]
DEBUG GrayWizard123_TGBot Telegram Connection org.apache.http.impl.conn.DefaultManagedHttpClientConnection - http-outgoing-3: set socket timeout to 0
DEBUG GrayWizard123_TGBot Telegram Connection org.apache.http.impl.conn.DefaultManagedHttpClientConnection - http-outgoing-3: set socket timeout to 75000
DEBUG GrayWizard123_TGBot Telegram Connection org.apache.http.impl.execchain.MainClientExec - Executing request POST /bot1292931141:AAEVwqEcw9OOU9KFVbPDqgz7Se6yUAlVpkk/getupdates HTTP/1.1
DEBUG GrayWizard123_TGBot Telegram Connection org.apache.http.impl.execchain.MainClientExec - Target auth state: UNCHALLENGED
DEBUG GrayWizard123_TGBot Telegram Connection org.apache.http.impl.execchain.MainClientExec - Proxy auth state: UNCHALLENGED
DEBUG GrayWizard123_TGBot Telegram Connection org.apache.http.headers - http-outgoing-3 >> POST /bot1292931141:AAEVwqEcw9OOU9KFVbPDqgz7Se6yUAlVpkk/getupdates HTTP/1.1
DEBUG GrayWizard123_TGBot Telegram Connection org.apache.http.headers - http-outgoing-3 >> charset: UTF-8
DEBUG GrayWizard123_TGBot Telegram Connection org.apache.http.headers - http-outgoing-3 >> Content-Length: 59
DEBUG GrayWizard123_TGBot Telegram Connection org.apache.http.headers - http-outgoing-3 >> Content-Type: application/json; charset=UTF-8
DEBUG GrayWizard123_TGBot Telegram Connection org.apache.http.headers - http-outgoing-3 >> Host: api.telegram.org
DEBUG GrayWizard123_TGBot Telegram Connection org.apache.http.headers - http-outgoing-3 >> Connection: Keep-Alive
DEBUG GrayWizard123_TGBot Telegram Connection org.apache.http.headers - http-outgoing-3 >> User-Agent: Apache-HttpClient/4.5.10 (Java/1.8.0_251)
DEBUG GrayWizard123_TGBot Telegram Connection org.apache.http.headers - http-outgoing-3 >> Accept-Encoding: gzip,deflate
DEBUG GrayWizard123_TGBot Telegram Connection org.apache.http.wire - http-outgoing-3 >> "POST /bot1292931141:AAEVwqEcw9OOU9KFVbPDqgz7Se6yUAlVpkk/getupdates HTTP/1.1[\r][\n]"
DEBUG GrayWizard123_TGBot Telegram Connection org.apache.http.wire - http-outgoing-3 >> "charset: UTF-8[\r][\n]"
DEBUG GrayWizard123_TGBot Telegram Connection org.apache.http.wire - http-outgoing-3 >> "Content-Length: 59[\r][\n]"
DEBUG GrayWizard123_TGBot Telegram Connection org.apache.http.wire - http-outgoing-3 >> "Content-Type: application/json; charset=UTF-8[\r][\n]"
DEBUG GrayWizard123_TGBot Telegram Connection org.apache.http.wire - http-outgoing-3 >> "Host: api.telegram.org[\r][\n]"
DEBUG GrayWizard123_TGBot Telegram Connection org.apache.http.wire - http-outgoing-3 >> "Connection: Keep-Alive[\r][\n]"
DEBUG GrayWizard123_TGBot Telegram Connection org.apache.http.wire - http-outgoing-3 >> "User-Agent: Apache-HttpClient/4.5.10 (Java/1.8.0_251)[\r][\n]"
DEBUG GrayWizard123_TGBot Telegram Connection org.apache.http.wire - http-outgoing-3 >> "Accept-Encoding: gzip,deflate[\r][\n]"
DEBUG GrayWizard123_TGBot Telegram Connection org.apache.http.wire - http-outgoing-3 >> "[\r][\n]"
DEBUG GrayWizard123_TGBot Telegram Connection org.apache.http.wire - http-outgoing-3 >> "{"offset":1,"limit":100,"timeout":50,"method":"getupdates"}"
